This file contains any messages produced by compilers while
running configure, to aid debugging if configure makes a mistake.

It was created by nanox configure 0.14.1, which was
generated by GNU Autoconf 2.69.  Invocation command line was

  $ ./configure --prefix=/home/ryan/mercurium/

## --------- ##
## Platform. ##
## --------- ##

hostname = roma0.m.gsic.titech.ac.jp
uname -m = x86_64
uname -r = 3.10.0-693.11.6.el7.x86_64
uname -s = Linux
uname -v = #1 SMP Thu Jan 4 01:06:37 UTC 2018

/usr/bin/uname -p = x86_64
/bin/uname -X     = unknown

/bin/arch              = x86_64
/usr/bin/arch -k       = unknown
/usr/convex/getsysinfo = unknown
/usr/bin/hostinfo      = unknown
/bin/machine           = unknown
/usr/bin/oslevel       = unknown
/bin/universe          = unknown

PATH: /usr/lib64/qt-3.3/bin
PATH: /usr/local/bin
PATH: /usr/bin
PATH: /usr/local/sbin
PATH: /usr/sbin
PATH: /opt/ibutils/bin
PATH: /opt/mpi/openmpi/1.6.3/bin
PATH: /home/ryan/pinlinux/
PATH: /home/ryan/bin


## ----------- ##
## Core tests. ##
## ----------- ##

configure:2896: checking build system type
configure:2910: result: x86_64-unknown-linux-gnu
configure:2930: checking host system type
configure:2943: result: x86_64-unknown-linux-gnu
configure:2963: checking target system type
configure:2976: result: x86_64-unknown-linux-gnu
configure:3022: checking for a BSD-compatible install
configure:3090: result: /usr/bin/install -c
configure:3101: checking whether build environment is sane
configure:3156: result: yes
configure:3307: checking for a thread-safe mkdir -p
configure:3346: result: /usr/bin/mkdir -p
configure:3353: checking for gawk
configure:3369: found /usr/bin/gawk
configure:3380: result: gawk
configure:3391: checking whether make sets $(MAKE)
configure:3413: result: yes
configure:3442: checking whether make supports nested variables
configure:3459: result: yes
configure:3600: checking whether make supports nested variables
configure:3617: result: yes
configure:3707: checking revision of distributed release
configure:3711: result: "git HEAD 972fdad 2018-04-06 09:43:24 +0200 developer version"
configure:3732: checking for lsb_release
configure:3748: found /usr/bin/lsb_release
configure:3759: result: Core
configure:3824: checking for gcc
configure:3840: found /usr/bin/gcc
configure:3851: result: gcc
configure:4080: checking for C compiler version
configure:4089: gcc --version >&5
gcc (GCC) 4.8.5 20150623 (Red Hat 4.8.5-16)
Copyright (C) 2015 Free Software Foundation, Inc.
This is free software; see the source for copying conditions.  There is NO
warranty; not even for MERCHANTABILITY or FITNESS FOR A PARTICULAR PURPOSE.

configure:4100: $? = 0
configure:4089: gcc -v >&5
Using built-in specs.
COLLECT_GCC=gcc
COLLECT_LTO_WRAPPER=/usr/libexec/gcc/x86_64-redhat-linux/4.8.5/lto-wrapper
Target: x86_64-redhat-linux
Configured with: ../configure --prefix=/usr --mandir=/usr/share/man --infodir=/usr/share/info --with-bugurl=http://bugzilla.redhat.com/bugzilla --enable-bootstrap --enable-shared --enable-threads=posix --enable-checking=release --with-system-zlib --enable-__cxa_atexit --disable-libunwind-exceptions --enable-gnu-unique-object --enable-linker-build-id --with-linker-hash-style=gnu --enable-languages=c,c++,objc,obj-c++,java,fortran,ada,go,lto --enable-plugin --enable-initfini-array --disable-libgcj --with-isl=/builddir/build/BUILD/gcc-4.8.5-20150702/obj-x86_64-redhat-linux/isl-install --with-cloog=/builddir/build/BUILD/gcc-4.8.5-20150702/obj-x86_64-redhat-linux/cloog-install --enable-gnu-indirect-function --with-tune=generic --with-arch_32=x86-64 --build=x86_64-redhat-linux
Thread model: posix
gcc version 4.8.5 20150623 (Red Hat 4.8.5-16) (GCC) 
configure:4100: $? = 0
configure:4089: gcc -V >&5
gcc: error: unrecognized command line option '-V'
gcc: fatal error: no input files
compilation terminated.
configure:4100: $? = 4
configure:4089: gcc -qversion >&5
gcc: error: unrecognized command line option '-qversion'
gcc: fatal error: no input files
compilation terminated.
configure:4100: $? = 4
configure:4120: checking whether the C compiler works
configure:4142: gcc    conftest.c  >&5
configure:4146: $? = 0
configure:4194: result: yes
configure:4197: checking for C compiler default output file name
configure:4199: result: a.out
configure:4205: checking for suffix of executables
configure:4212: gcc -o conftest    conftest.c  >&5
configure:4216: $? = 0
configure:4238: result: 
configure:4260: checking whether we are cross compiling
configure:4268: gcc -o conftest    conftest.c  >&5
configure:4272: $? = 0
configure:4279: ./conftest
configure:4283: $? = 0
configure:4298: result: no
configure:4303: checking for suffix of object files
configure:4325: gcc -c   conftest.c >&5
configure:4329: $? = 0
configure:4350: result: o
configure:4354: checking whether we are using the GNU C compiler
configure:4373: gcc -c   conftest.c >&5
configure:4373: $? = 0
configure:4382: result: yes
configure:4391: checking whether gcc accepts -g
configure:4411: gcc -c -g  conftest.c >&5
configure:4411: $? = 0
configure:4452: result: yes
configure:4469: checking for gcc option to accept ISO C89
configure:4532: gcc  -c   conftest.c >&5
configure:4532: $? = 0
configure:4545: result: none needed
configure:4570: checking whether gcc understands -c and -o together
configure:4592: gcc -c conftest.c -o conftest2.o
configure:4595: $? = 0
configure:4592: gcc -c conftest.c -o conftest2.o
configure:4595: $? = 0
configure:4607: result: yes
configure:4635: checking for style of include used by make
configure:4663: result: GNU
configure:4689: checking dependency style of gcc
configure:4800: result: gcc3
configure:4820: checking how to run the C preprocessor
configure:4851: gcc -E  conftest.c
configure:4851: $? = 0
configure:4865: gcc -E  conftest.c
conftest.c:13:28: fatal error: ac_nonexistent.h: No such file or directory
 #include <ac_nonexistent.h>
                            ^
compilation terminated.
configure:4865: $? = 1
configure: failed program was:
| /* confdefs.h */
| #define PACKAGE_NAME "nanox"
| #define PACKAGE_TARNAME "nanox"
| #define PACKAGE_VERSION "0.14.1"
| #define PACKAGE_STRING "nanox 0.14.1"
| #define PACKAGE_BUGREPORT "pm-tools@bsc.es"
| #define PACKAGE_URL ""
| #define NANOX_CONFIGURE_ARGS "./configure --prefix=/home/ryan/mercurium/"
| #define PACKAGE "nanox"
| #define VERSION "0.14.1"
| #define NANOX_BUILD_VERSION "git HEAD 972fdad 2018-04-06 09:43:24 +0200 developer version"
| /* end confdefs.h.  */
| #include <ac_nonexistent.h>
configure:4890: result: gcc -E
configure:4910: gcc -E  conftest.c
configure:4910: $? = 0
configure:4924: gcc -E  conftest.c
conftest.c:13:28: fatal error: ac_nonexistent.h: No such file or directory
 #include <ac_nonexistent.h>
                            ^
compilation terminated.
configure:4924: $? = 1
configure: failed program was:
| /* confdefs.h */
| #define PACKAGE_NAME "nanox"
| #define PACKAGE_TARNAME "nanox"
| #define PACKAGE_VERSION "0.14.1"
| #define PACKAGE_STRING "nanox 0.14.1"
| #define PACKAGE_BUGREPORT "pm-tools@bsc.es"
| #define PACKAGE_URL ""
| #define NANOX_CONFIGURE_ARGS "./configure --prefix=/home/ryan/mercurium/"
| #define PACKAGE "nanox"
| #define VERSION "0.14.1"
| #define NANOX_BUILD_VERSION "git HEAD 972fdad 2018-04-06 09:43:24 +0200 developer version"
| /* end confdefs.h.  */
| #include <ac_nonexistent.h>
configure:5011: checking for g++
configure:5027: found /usr/bin/g++
configure:5038: result: g++
configure:5065: checking for C++ compiler version
configure:5074: g++ --version >&5
g++ (GCC) 4.8.5 20150623 (Red Hat 4.8.5-16)
Copyright (C) 2015 Free Software Foundation, Inc.
This is free software; see the source for copying conditions.  There is NO
warranty; not even for MERCHANTABILITY or FITNESS FOR A PARTICULAR PURPOSE.

configure:5085: $? = 0
configure:5074: g++ -v >&5
Using built-in specs.
COLLECT_GCC=g++
COLLECT_LTO_WRAPPER=/usr/libexec/gcc/x86_64-redhat-linux/4.8.5/lto-wrapper
Target: x86_64-redhat-linux
Configured with: ../configure --prefix=/usr --mandir=/usr/share/man --infodir=/usr/share/info --with-bugurl=http://bugzilla.redhat.com/bugzilla --enable-bootstrap --enable-shared --enable-threads=posix --enable-checking=release --with-system-zlib --enable-__cxa_atexit --disable-libunwind-exceptions --enable-gnu-unique-object --enable-linker-build-id --with-linker-hash-style=gnu --enable-languages=c,c++,objc,obj-c++,java,fortran,ada,go,lto --enable-plugin --enable-initfini-array --disable-libgcj --with-isl=/builddir/build/BUILD/gcc-4.8.5-20150702/obj-x86_64-redhat-linux/isl-install --with-cloog=/builddir/build/BUILD/gcc-4.8.5-20150702/obj-x86_64-redhat-linux/cloog-install --enable-gnu-indirect-function --with-tune=generic --with-arch_32=x86-64 --build=x86_64-redhat-linux
Thread model: posix
gcc version 4.8.5 20150623 (Red Hat 4.8.5-16) (GCC) 
configure:5085: $? = 0
configure:5074: g++ -V >&5
g++: error: unrecognized command line option '-V'
g++: fatal error: no input files
compilation terminated.
configure:5085: $? = 4
configure:5074: g++ -qversion >&5
g++: error: unrecognized command line option '-qversion'
g++: fatal error: no input files
compilation terminated.
configure:5085: $? = 4
configure:5089: checking whether we are using the GNU C++ compiler
configure:5108: g++ -c   conftest.cpp >&5
configure:5108: $? = 0
configure:5117: result: yes
configure:5126: checking whether g++ accepts -g
configure:5146: g++ -c -g  conftest.cpp >&5
configure:5146: $? = 0
configure:5187: result: yes
configure:5212: checking dependency style of g++
configure:5323: result: gcc3
configure:5343: checking how to run the C++ preprocessor
configure:5370: g++ -E  conftest.cpp
configure:5370: $? = 0
configure:5384: g++ -E  conftest.cpp
conftest.cpp:13:28: fatal error: ac_nonexistent.h: No such file or directory
 #include <ac_nonexistent.h>
                            ^
compilation terminated.
configure:5384: $? = 1
configure: failed program was:
| /* confdefs.h */
| #define PACKAGE_NAME "nanox"
| #define PACKAGE_TARNAME "nanox"
| #define PACKAGE_VERSION "0.14.1"
| #define PACKAGE_STRING "nanox 0.14.1"
| #define PACKAGE_BUGREPORT "pm-tools@bsc.es"
| #define PACKAGE_URL ""
| #define NANOX_CONFIGURE_ARGS "./configure --prefix=/home/ryan/mercurium/"
| #define PACKAGE "nanox"
| #define VERSION "0.14.1"
| #define NANOX_BUILD_VERSION "git HEAD 972fdad 2018-04-06 09:43:24 +0200 developer version"
| /* end confdefs.h.  */
| #include <ac_nonexistent.h>
configure:5409: result: g++ -E
configure:5429: g++ -E  conftest.cpp
configure:5429: $? = 0
configure:5443: g++ -E  conftest.cpp
conftest.cpp:13:28: fatal error: ac_nonexistent.h: No such file or directory
 #include <ac_nonexistent.h>
                            ^
compilation terminated.
configure:5443: $? = 1
configure: failed program was:
| /* confdefs.h */
| #define PACKAGE_NAME "nanox"
| #define PACKAGE_TARNAME "nanox"
| #define PACKAGE_VERSION "0.14.1"
| #define PACKAGE_STRING "nanox 0.14.1"
| #define PACKAGE_BUGREPORT "pm-tools@bsc.es"
| #define PACKAGE_URL ""
| #define NANOX_CONFIGURE_ARGS "./configure --prefix=/home/ryan/mercurium/"
| #define PACKAGE "nanox"
| #define VERSION "0.14.1"
| #define NANOX_BUILD_VERSION "git HEAD 972fdad 2018-04-06 09:43:24 +0200 developer version"
| /* end confdefs.h.  */
| #include <ac_nonexistent.h>
configure:5472: checking for a sed that does not truncate output
configure:5536: result: /usr/bin/sed
configure:5554: checking for grep that handles long lines and -e
configure:5612: result: /usr/bin/grep
configure:5617: checking for egrep
configure:5679: result: /usr/bin/grep -E
configure:5684: checking for fgrep
configure:5746: result: /usr/bin/grep -F
configure:5773: checking how to print strings
configure:5800: result: printf
configure:5833: checking for ld used by gcc
configure:5900: result: /usr/bin/ld
configure:5907: checking if the linker (/usr/bin/ld) is GNU ld
configure:5922: result: yes
configure:5943: checking dependency style of gcc
configure:6052: result: gcc3
configure:6068: checking for a sed that does not truncate output
configure:6132: result: /usr/bin/sed
configure:6189: checking for ar
configure:6205: found /usr/bin/ar
configure:6216: result: ar
configure:6242: checking the archiver (ar) interface
configure:6258: gcc -c   conftest.c >&5
configure:6258: $? = 0
configure:6260: ar cru libconftest.a conftest.o >&5
configure:6263: $? = 0
configure:6291: result: ar
configure:6354: checking for BSD- or MS-compatible name lister (nm)
configure:6408: result: /usr/bin/nm -B
configure:6538: checking the name lister (/usr/bin/nm -B) interface
configure:6545: g++ -c   conftest.cpp >&5
configure:6548: /usr/bin/nm -B "conftest.o"
configure:6551: output
0000000000000000 B some_variable
configure:6558: result: BSD nm
configure:6561: checking whether ln -s works
configure:6565: result: yes
configure:6573: checking the maximum length of command line arguments
configure:6704: result: 1572864
configure:6752: checking how to convert x86_64-unknown-linux-gnu file names to x86_64-unknown-linux-gnu format
configure:6792: result: func_convert_file_noop
configure:6799: checking how to convert x86_64-unknown-linux-gnu file names to toolchain format
configure:6819: result: func_convert_file_noop
configure:6826: checking for /usr/bin/ld option to reload object files
configure:6833: result: -r
configure:6907: checking for objdump
configure:6923: found /usr/bin/objdump
configure:6934: result: objdump
configure:6966: checking how to recognize dependent libraries
configure:7166: result: pass_all
configure:7251: checking for dlltool
configure:7281: result: no
configure:7311: checking how to associate runtime and link libraries
configure:7338: result: printf %s\n
configure:7463: checking for archiver @FILE support
configure:7480: g++ -c   conftest.cpp >&5
configure:7480: $? = 0
configure:7483: ar cru libconftest.a @conftest.lst >&5
configure:7486: $? = 0
configure:7491: ar cru libconftest.a @conftest.lst >&5
ar: conftest.o: No such file or directory
configure:7494: $? = 1
configure:7506: result: @
configure:7564: checking for strip
configure:7580: found /usr/bin/strip
configure:7591: result: strip
configure:7663: checking for ranlib
configure:7679: found /usr/bin/ranlib
configure:7690: result: ranlib
configure:7792: checking command to parse /usr/bin/nm -B output from gcc object
configure:7945: g++ -c   conftest.cpp >&5
configure:7948: $? = 0
configure:7952: /usr/bin/nm -B conftest.o \| sed -n -e 's/^.*[ ]\([ABCDGIRSTW][ABCDGIRSTW]*\)[ ][ ]*\([_A-Za-z][_A-Za-z0-9]*\)$/\1 \2 \2/p' | sed '/ __gnu_lto/d' \> conftest.nm
configure:7955: $? = 0
configure:8021: g++ -o conftest    conftest.cpp conftstm.o >&5
configure:8024: $? = 0
configure:8062: result: ok
configure:8109: checking for sysroot
configure:8139: result: no
configure:8146: checking for a working dd
configure:8184: result: /usr/bin/dd
configure:8188: checking how to truncate binary pipes
configure:8203: result: /usr/bin/dd bs=4096 count=1
configure:8339: g++ -c   conftest.cpp >&5
configure:8342: $? = 0
configure:8532: checking for mt
configure:8562: result: no
configure:8582: checking if : is a manifest tool
configure:8588: : '-?'
configure:8596: result: no
configure:9269: checking for ANSI C header files
configure:9289: g++ -c   conftest.cpp >&5
configure:9289: $? = 0
configure:9362: g++ -o conftest    conftest.cpp  >&5
configure:9362: $? = 0
configure:9362: ./conftest
configure:9362: $? = 0
configure:9373: result: yes
configure:9386: checking for sys/types.h
configure:9386: g++ -c   conftest.cpp >&5
configure:9386: $? = 0
configure:9386: result: yes
configure:9386: checking for sys/stat.h
configure:9386: g++ -c   conftest.cpp >&5
configure:9386: $? = 0
configure:9386: result: yes
configure:9386: checking for stdlib.h
configure:9386: g++ -c   conftest.cpp >&5
configure:9386: $? = 0
configure:9386: result: yes
configure:9386: checking for string.h
configure:9386: g++ -c   conftest.cpp >&5
configure:9386: $? = 0
configure:9386: result: yes
configure:9386: checking for memory.h
configure:9386: g++ -c   conftest.cpp >&5
configure:9386: $? = 0
configure:9386: result: yes
configure:9386: checking for strings.h
configure:9386: g++ -c   conftest.cpp >&5
configure:9386: $? = 0
configure:9386: result: yes
configure:9386: checking for inttypes.h
configure:9386: g++ -c   conftest.cpp >&5
configure:9386: $? = 0
configure:9386: result: yes
configure:9386: checking for stdint.h
configure:9386: g++ -c   conftest.cpp >&5
configure:9386: $? = 0
configure:9386: result: yes
configure:9386: checking for unistd.h
configure:9386: g++ -c   conftest.cpp >&5
configure:9386: $? = 0
configure:9386: result: yes
configure:9400: checking for dlfcn.h
configure:9400: g++ -c   conftest.cpp >&5
configure:9400: $? = 0
configure:9400: result: yes
configure:9665: checking for objdir
configure:9680: result: .libs
configure:9944: checking if gcc supports -fno-rtti -fno-exceptions
configure:9962: gcc -c   -fno-rtti -fno-exceptions conftest.c >&5
cc1: warning: command line option '-fno-rtti' is valid for C++/ObjC++ but not for C [enabled by default]
configure:9966: $? = 0
configure:9979: result: no
configure:10337: checking for gcc option to produce PIC
configure:10344: result: -fPIC -DPIC
configure:10352: checking if gcc PIC flag -fPIC -DPIC works
configure:10370: gcc -c   -fPIC -DPIC -DPIC conftest.c >&5
configure:10374: $? = 0
configure:10387: result: yes
configure:10416: checking if gcc static flag -static works
configure:10444: result: no
configure:10459: checking if gcc supports -c -o file.o
configure:10480: gcc -c   -o out/conftest2.o conftest.c >&5
configure:10484: $? = 0
configure:10506: result: yes
configure:10514: checking if gcc supports -c -o file.o
configure:10561: result: yes
configure:10594: checking whether the gcc linker (/usr/bin/ld -m elf_x86_64) supports shared libraries
configure:11853: result: yes
configure:11890: checking whether -lc should be explicitly linked in
configure:11898: gcc -c   conftest.c >&5
configure:11901: $? = 0
configure:11916: gcc -shared  -fPIC -DPIC conftest.o  -v -Wl,-soname -Wl,conftest -o conftest 2\>\&1 \| /usr/bin/grep  -lc  \>/dev/null 2\>\&1
configure:11919: $? = 0
configure:11933: result: no
configure:12093: checking dynamic linker characteristics
configure:12674: gcc -o conftest    -Wl,-rpath -Wl,/foo conftest.c  >&5
configure:12674: $? = 0
configure:12911: result: GNU/Linux ld.so
configure:13033: checking how to hardcode library paths into programs
configure:13058: result: immediate
configure:13606: checking whether stripping libraries is possible
configure:13611: result: yes
configure:13646: checking if libtool supports shared libraries
configure:13648: result: yes
configure:13651: checking whether to build shared libraries
configure:13676: result: yes
configure:13679: checking whether to build static libraries
configure:13683: result: no
configure:13706: checking how to run the C++ preprocessor
configure:13772: result: g++ -E
configure:13792: g++ -E  conftest.cpp
configure:13792: $? = 0
configure:13806: g++ -E  conftest.cpp
conftest.cpp:25:28: fatal error: ac_nonexistent.h: No such file or directory
 #include <ac_nonexistent.h>
                            ^
compilation terminated.
configure:13806: $? = 1
configure: failed program was:
| /* confdefs.h */
| #define PACKAGE_NAME "nanox"
| #define PACKAGE_TARNAME "nanox"
| #define PACKAGE_VERSION "0.14.1"
| #define PACKAGE_STRING "nanox 0.14.1"
| #define PACKAGE_BUGREPORT "pm-tools@bsc.es"
| #define PACKAGE_URL ""
| #define NANOX_CONFIGURE_ARGS "./configure --prefix=/home/ryan/mercurium/"
| #define PACKAGE "nanox"
| #define VERSION "0.14.1"
| #define NANOX_BUILD_VERSION "git HEAD 972fdad 2018-04-06 09:43:24 +0200 developer version"
| #define STDC_HEADERS 1
| #define HAVE_SYS_TYPES_H 1
| #define HAVE_SYS_STAT_H 1
| #define HAVE_STDLIB_H 1
| #define HAVE_STRING_H 1
| #define HAVE_MEMORY_H 1
| #define HAVE_STRINGS_H 1
| #define HAVE_INTTYPES_H 1
| #define HAVE_STDINT_H 1
| #define HAVE_UNISTD_H 1
| #define HAVE_DLFCN_H 1
| #define LT_OBJDIR ".libs/"
| /* end confdefs.h.  */
| #include <ac_nonexistent.h>
configure:13968: checking for ld used by g++
configure:14035: result: /usr/bin/ld -m elf_x86_64
configure:14042: checking if the linker (/usr/bin/ld -m elf_x86_64) is GNU ld
configure:14057: result: yes
configure:14112: checking whether the g++ linker (/usr/bin/ld -m elf_x86_64) supports shared libraries
configure:15185: result: yes
configure:15221: g++ -c   conftest.cpp >&5
configure:15224: $? = 0
configure:15705: checking for g++ option to produce PIC
configure:15712: result: -fPIC -DPIC
configure:15720: checking if g++ PIC flag -fPIC -DPIC works
configure:15738: g++ -c   -fPIC -DPIC -DPIC conftest.cpp >&5
configure:15742: $? = 0
configure:15755: result: yes
configure:15778: checking if g++ static flag -static works
configure:15806: result: no
configure:15818: checking if g++ supports -c -o file.o
configure:15839: g++ -c   -o out/conftest2.o conftest.cpp >&5
configure:15843: $? = 0
configure:15865: result: yes
configure:15870: checking if g++ supports -c -o file.o
configure:15917: result: yes
configure:15947: checking whether the g++ linker (/usr/bin/ld -m elf_x86_64) supports shared libraries
configure:15987: result: yes
configure:16128: checking dynamic linker characteristics
configure:16873: result: GNU/Linux ld.so
configure:16938: checking how to hardcode library paths into programs
configure:16963: result: immediate
configure:17031: checking for legacy atomic builtins in GCC
configure:17055: g++ -o conftest    conftest.cpp  >&5
configure:17055: $? = 0
configure:17096: result: yes
configure:17100: checking if __sync_bool_compare_and_swap_8 is available
configure:17118: g++ -o conftest    conftest.cpp  >&5
configure:17118: $? = 0
configure:17126: result: yes
configure:17137: checking if __sync_add_and_fetch_8 is available
configure:17155: g++ -o conftest    conftest.cpp  >&5
configure:17155: $? = 0
configure:17163: result: yes
configure:17173: checking if __sync_sub_and_fetch_8 is available
configure:17191: g++ -o conftest    conftest.cpp  >&5
configure:17191: $? = 0
configure:17199: result: yes
configure:17209: checking if __sync_or_and_fetch_8 is available
configure:17227: g++ -o conftest    conftest.cpp  >&5
configure:17227: $? = 0
configure:17235: result: yes
configure:17245: checking if __sync_and_and_fetch_8 is available
configure:17263: g++ -o conftest    conftest.cpp  >&5
configure:17263: $? = 0
configure:17271: result: yes
configure:17281: checking if __sync_xor_and_fetch_8 is available
configure:17299: g++ -o conftest    conftest.cpp  >&5
configure:17299: $? = 0
configure:17307: result: yes
configure:17333: checking for new atomic builtins in GCC
configure:17392: result: disabled
configure:17411: checking for ANSI C header files
configure:17515: result: yes
configure:17525: checking for an ANSI C-conforming const
configure:17591: g++ -c   conftest.cpp >&5
configure:17591: $? = 0
configure:17598: result: yes
configure:17621: checking for C compiler vendor
configure:17668: gcc -c   conftest.c >&5
conftest.c: In function 'main':
conftest.c:38:9: error: 'thisisanerror' undeclared (first use in this function)
         thisisanerror;
         ^
conftest.c:38:9: note: each undeclared identifier is reported only once for each function it appears in
configure:17668: $? = 1
configure: failed program was:
| /* confdefs.h */
| #define PACKAGE_NAME "nanox"
| #define PACKAGE_TARNAME "nanox"
| #define PACKAGE_VERSION "0.14.1"
| #define PACKAGE_STRING "nanox 0.14.1"
| #define PACKAGE_BUGREPORT "pm-tools@bsc.es"
| #define PACKAGE_URL ""
| #define NANOX_CONFIGURE_ARGS "./configure --prefix=/home/ryan/mercurium/"
| #define PACKAGE "nanox"
| #define VERSION "0.14.1"
| #define NANOX_BUILD_VERSION "git HEAD 972fdad 2018-04-06 09:43:24 +0200 developer version"
| #define STDC_HEADERS 1
| #define HAVE_SYS_TYPES_H 1
| #define HAVE_SYS_STAT_H 1
| #define HAVE_STDLIB_H 1
| #define HAVE_STRING_H 1
| #define HAVE_MEMORY_H 1
| #define HAVE_STRINGS_H 1
| #define HAVE_INTTYPES_H 1
| #define HAVE_STDINT_H 1
| #define HAVE_UNISTD_H 1
| #define HAVE_DLFCN_H 1
| #define LT_OBJDIR ".libs/"
| #define HAVE_SYNC_BOOL_COMPARE_AND_SWAP_8 1
| #define HAVE_SYNC_ADD_AND_FETCH_8 1
| #define HAVE_SYNC_SUB_AND_FETCH_8 1
| #define HAVE_SYNC_OR_AND_FETCH_8 1
| #define HAVE_SYNC_AND_AND_FETCH_8 1
| #define HAVE_SYNC_XOR_AND_FETCH_8 1
| #define STDC_HEADERS 1
| /* end confdefs.h.  */
| 
| int
| main ()
| {
| 
|       #if !(defined(__ICC) || defined(__ECC) || defined(__INTEL_COMPILER))
|         thisisanerror;
|       #endif
| 
|   ;
|   return 0;
| }
configure:17668: gcc -c   conftest.c >&5
conftest.c: In function 'main':
conftest.c:38:9: error: 'thisisanerror' undeclared (first use in this function)
         thisisanerror;
         ^
conftest.c:38:9: note: each undeclared identifier is reported only once for each function it appears in
configure:17668: $? = 1
configure: failed program was:
| /* confdefs.h */
| #define PACKAGE_NAME "nanox"
| #define PACKAGE_TARNAME "nanox"
| #define PACKAGE_VERSION "0.14.1"
| #define PACKAGE_STRING "nanox 0.14.1"
| #define PACKAGE_BUGREPORT "pm-tools@bsc.es"
| #define PACKAGE_URL ""
| #define NANOX_CONFIGURE_ARGS "./configure --prefix=/home/ryan/mercurium/"
| #define PACKAGE "nanox"
| #define VERSION "0.14.1"
| #define NANOX_BUILD_VERSION "git HEAD 972fdad 2018-04-06 09:43:24 +0200 developer version"
| #define STDC_HEADERS 1
| #define HAVE_SYS_TYPES_H 1
| #define HAVE_SYS_STAT_H 1
| #define HAVE_STDLIB_H 1
| #define HAVE_STRING_H 1
| #define HAVE_MEMORY_H 1
| #define HAVE_STRINGS_H 1
| #define HAVE_INTTYPES_H 1
| #define HAVE_STDINT_H 1
| #define HAVE_UNISTD_H 1
| #define HAVE_DLFCN_H 1
| #define LT_OBJDIR ".libs/"
| #define HAVE_SYNC_BOOL_COMPARE_AND_SWAP_8 1
| #define HAVE_SYNC_ADD_AND_FETCH_8 1
| #define HAVE_SYNC_SUB_AND_FETCH_8 1
| #define HAVE_SYNC_OR_AND_FETCH_8 1
| #define HAVE_SYNC_AND_AND_FETCH_8 1
| #define HAVE_SYNC_XOR_AND_FETCH_8 1
| #define STDC_HEADERS 1
| /* end confdefs.h.  */
| 
| int
| main ()
| {
| 
|       #if !(defined(__xlc__) || defined(__xlC__) || defined(__IBMC__) || defined(__IBMCPP__))
|         thisisanerror;
|       #endif
| 
|   ;
|   return 0;
| }
configure:17668: gcc -c   conftest.c >&5
conftest.c: In function 'main':
conftest.c:38:9: error: 'thisisanerror' undeclared (first use in this function)
         thisisanerror;
         ^
conftest.c:38:9: note: each undeclared identifier is reported only once for each function it appears in
configure:17668: $? = 1
configure: failed program was:
| /* confdefs.h */
| #define PACKAGE_NAME "nanox"
| #define PACKAGE_TARNAME "nanox"
| #define PACKAGE_VERSION "0.14.1"
| #define PACKAGE_STRING "nanox 0.14.1"
| #define PACKAGE_BUGREPORT "pm-tools@bsc.es"
| #define PACKAGE_URL ""
| #define NANOX_CONFIGURE_ARGS "./configure --prefix=/home/ryan/mercurium/"
| #define PACKAGE "nanox"
| #define VERSION "0.14.1"
| #define NANOX_BUILD_VERSION "git HEAD 972fdad 2018-04-06 09:43:24 +0200 developer version"
| #define STDC_HEADERS 1
| #define HAVE_SYS_TYPES_H 1
| #define HAVE_SYS_STAT_H 1
| #define HAVE_STDLIB_H 1
| #define HAVE_STRING_H 1
| #define HAVE_MEMORY_H 1
| #define HAVE_STRINGS_H 1
| #define HAVE_INTTYPES_H 1
| #define HAVE_STDINT_H 1
| #define HAVE_UNISTD_H 1
| #define HAVE_DLFCN_H 1
| #define LT_OBJDIR ".libs/"
| #define HAVE_SYNC_BOOL_COMPARE_AND_SWAP_8 1
| #define HAVE_SYNC_ADD_AND_FETCH_8 1
| #define HAVE_SYNC_SUB_AND_FETCH_8 1
| #define HAVE_SYNC_OR_AND_FETCH_8 1
| #define HAVE_SYNC_AND_AND_FETCH_8 1
| #define HAVE_SYNC_XOR_AND_FETCH_8 1
| #define STDC_HEADERS 1
| /* end confdefs.h.  */
| 
| int
| main ()
| {
| 
|       #if !(defined(__PATHCC__) || defined(__PATHSCALE__))
|         thisisanerror;
|       #endif
| 
|   ;
|   return 0;
| }
configure:17668: gcc -c   conftest.c >&5
conftest.c: In function 'main':
conftest.c:38:9: error: 'thisisanerror' undeclared (first use in this function)
         thisisanerror;
         ^
conftest.c:38:9: note: each undeclared identifier is reported only once for each function it appears in
configure:17668: $? = 1
configure: failed program was:
| /* confdefs.h */
| #define PACKAGE_NAME "nanox"
| #define PACKAGE_TARNAME "nanox"
| #define PACKAGE_VERSION "0.14.1"
| #define PACKAGE_STRING "nanox 0.14.1"
| #define PACKAGE_BUGREPORT "pm-tools@bsc.es"
| #define PACKAGE_URL ""
| #define NANOX_CONFIGURE_ARGS "./configure --prefix=/home/ryan/mercurium/"
| #define PACKAGE "nanox"
| #define VERSION "0.14.1"
| #define NANOX_BUILD_VERSION "git HEAD 972fdad 2018-04-06 09:43:24 +0200 developer version"
| #define STDC_HEADERS 1
| #define HAVE_SYS_TYPES_H 1
| #define HAVE_SYS_STAT_H 1
| #define HAVE_STDLIB_H 1
| #define HAVE_STRING_H 1
| #define HAVE_MEMORY_H 1
| #define HAVE_STRINGS_H 1
| #define HAVE_INTTYPES_H 1
| #define HAVE_STDINT_H 1
| #define HAVE_UNISTD_H 1
| #define HAVE_DLFCN_H 1
| #define LT_OBJDIR ".libs/"
| #define HAVE_SYNC_BOOL_COMPARE_AND_SWAP_8 1
| #define HAVE_SYNC_ADD_AND_FETCH_8 1
| #define HAVE_SYNC_SUB_AND_FETCH_8 1
| #define HAVE_SYNC_OR_AND_FETCH_8 1
| #define HAVE_SYNC_AND_AND_FETCH_8 1
| #define HAVE_SYNC_XOR_AND_FETCH_8 1
| #define STDC_HEADERS 1
| /* end confdefs.h.  */
| 
| int
| main ()
| {
| 
|       #if !(defined(__clang__))
|         thisisanerror;
|       #endif
| 
|   ;
|   return 0;
| }
configure:17668: gcc -c   conftest.c >&5
conftest.c: In function 'main':
conftest.c:38:9: error: 'thisisanerror' undeclared (first use in this function)
         thisisanerror;
         ^
conftest.c:38:9: note: each undeclared identifier is reported only once for each function it appears in
configure:17668: $? = 1
configure: failed program was:
| /* confdefs.h */
| #define PACKAGE_NAME "nanox"
| #define PACKAGE_TARNAME "nanox"
| #define PACKAGE_VERSION "0.14.1"
| #define PACKAGE_STRING "nanox 0.14.1"
| #define PACKAGE_BUGREPORT "pm-tools@bsc.es"
| #define PACKAGE_URL ""
| #define NANOX_CONFIGURE_ARGS "./configure --prefix=/home/ryan/mercurium/"
| #define PACKAGE "nanox"
| #define VERSION "0.14.1"
| #define NANOX_BUILD_VERSION "git HEAD 972fdad 2018-04-06 09:43:24 +0200 developer version"
| #define STDC_HEADERS 1
| #define HAVE_SYS_TYPES_H 1
| #define HAVE_SYS_STAT_H 1
| #define HAVE_STDLIB_H 1
| #define HAVE_STRING_H 1
| #define HAVE_MEMORY_H 1
| #define HAVE_STRINGS_H 1
| #define HAVE_INTTYPES_H 1
| #define HAVE_STDINT_H 1
| #define HAVE_UNISTD_H 1
| #define HAVE_DLFCN_H 1
| #define LT_OBJDIR ".libs/"
| #define HAVE_SYNC_BOOL_COMPARE_AND_SWAP_8 1
| #define HAVE_SYNC_ADD_AND_FETCH_8 1
| #define HAVE_SYNC_SUB_AND_FETCH_8 1
| #define HAVE_SYNC_OR_AND_FETCH_8 1
| #define HAVE_SYNC_AND_AND_FETCH_8 1
| #define HAVE_SYNC_XOR_AND_FETCH_8 1
| #define STDC_HEADERS 1
| /* end confdefs.h.  */
| 
| int
| main ()
| {
| 
|       #if !(defined(_CRAYC))
|         thisisanerror;
|       #endif
| 
|   ;
|   return 0;
| }
configure:17668: gcc -c   conftest.c >&5
conftest.c: In function 'main':
conftest.c:38:9: error: 'thisisanerror' undeclared (first use in this function)
         thisisanerror;
         ^
conftest.c:38:9: note: each undeclared identifier is reported only once for each function it appears in
configure:17668: $? = 1
configure: failed program was:
| /* confdefs.h */
| #define PACKAGE_NAME "nanox"
| #define PACKAGE_TARNAME "nanox"
| #define PACKAGE_VERSION "0.14.1"
| #define PACKAGE_STRING "nanox 0.14.1"
| #define PACKAGE_BUGREPORT "pm-tools@bsc.es"
| #define PACKAGE_URL ""
| #define NANOX_CONFIGURE_ARGS "./configure --prefix=/home/ryan/mercurium/"
| #define PACKAGE "nanox"
| #define VERSION "0.14.1"
| #define NANOX_BUILD_VERSION "git HEAD 972fdad 2018-04-06 09:43:24 +0200 developer version"
| #define STDC_HEADERS 1
| #define HAVE_SYS_TYPES_H 1
| #define HAVE_SYS_STAT_H 1
| #define HAVE_STDLIB_H 1
| #define HAVE_STRING_H 1
| #define HAVE_MEMORY_H 1
| #define HAVE_STRINGS_H 1
| #define HAVE_INTTYPES_H 1
| #define HAVE_STDINT_H 1
| #define HAVE_UNISTD_H 1
| #define HAVE_DLFCN_H 1
| #define LT_OBJDIR ".libs/"
| #define HAVE_SYNC_BOOL_COMPARE_AND_SWAP_8 1
| #define HAVE_SYNC_ADD_AND_FETCH_8 1
| #define HAVE_SYNC_SUB_AND_FETCH_8 1
| #define HAVE_SYNC_OR_AND_FETCH_8 1
| #define HAVE_SYNC_AND_AND_FETCH_8 1
| #define HAVE_SYNC_XOR_AND_FETCH_8 1
| #define STDC_HEADERS 1
| /* end confdefs.h.  */
| 
| int
| main ()
| {
| 
|       #if !(defined(__FUJITSU))
|         thisisanerror;
|       #endif
| 
|   ;
|   return 0;
| }
configure:17668: gcc -c   conftest.c >&5
configure:17668: $? = 0
configure:17676: result: gnu
configure:17692: checking for C++ compiler vendor
configure:17739: g++ -c   conftest.cpp >&5
conftest.cpp: In function 'int main()':
conftest.cpp:38:9: error: 'thisisanerror' was not declared in this scope
         thisisanerror;
         ^
configure:17739: $? = 1
configure: failed program was:
| /* confdefs.h */
| #define PACKAGE_NAME "nanox"
| #define PACKAGE_TARNAME "nanox"
| #define PACKAGE_VERSION "0.14.1"
| #define PACKAGE_STRING "nanox 0.14.1"
| #define PACKAGE_BUGREPORT "pm-tools@bsc.es"
| #define PACKAGE_URL ""
| #define NANOX_CONFIGURE_ARGS "./configure --prefix=/home/ryan/mercurium/"
| #define PACKAGE "nanox"
| #define VERSION "0.14.1"
| #define NANOX_BUILD_VERSION "git HEAD 972fdad 2018-04-06 09:43:24 +0200 developer version"
| #define STDC_HEADERS 1
| #define HAVE_SYS_TYPES_H 1
| #define HAVE_SYS_STAT_H 1
| #define HAVE_STDLIB_H 1
| #define HAVE_STRING_H 1
| #define HAVE_MEMORY_H 1
| #define HAVE_STRINGS_H 1
| #define HAVE_INTTYPES_H 1
| #define HAVE_STDINT_H 1
| #define HAVE_UNISTD_H 1
| #define HAVE_DLFCN_H 1
| #define LT_OBJDIR ".libs/"
| #define HAVE_SYNC_BOOL_COMPARE_AND_SWAP_8 1
| #define HAVE_SYNC_ADD_AND_FETCH_8 1
| #define HAVE_SYNC_SUB_AND_FETCH_8 1
| #define HAVE_SYNC_OR_AND_FETCH_8 1
| #define HAVE_SYNC_AND_AND_FETCH_8 1
| #define HAVE_SYNC_XOR_AND_FETCH_8 1
| #define STDC_HEADERS 1
| /* end confdefs.h.  */
| 
| int
| main ()
| {
| 
|       #if !(defined(__ICC) || defined(__ECC) || defined(__INTEL_COMPILER))
|         thisisanerror;
|       #endif
| 
|   ;
|   return 0;
| }
configure:17739: g++ -c   conftest.cpp >&5
conftest.cpp: In function 'int main()':
conftest.cpp:38:9: error: 'thisisanerror' was not declared in this scope
         thisisanerror;
         ^
configure:17739: $? = 1
configure: failed program was:
| /* confdefs.h */
| #define PACKAGE_NAME "nanox"
| #define PACKAGE_TARNAME "nanox"
| #define PACKAGE_VERSION "0.14.1"
| #define PACKAGE_STRING "nanox 0.14.1"
| #define PACKAGE_BUGREPORT "pm-tools@bsc.es"
| #define PACKAGE_URL ""
| #define NANOX_CONFIGURE_ARGS "./configure --prefix=/home/ryan/mercurium/"
| #define PACKAGE "nanox"
| #define VERSION "0.14.1"
| #define NANOX_BUILD_VERSION "git HEAD 972fdad 2018-04-06 09:43:24 +0200 developer version"
| #define STDC_HEADERS 1
| #define HAVE_SYS_TYPES_H 1
| #define HAVE_SYS_STAT_H 1
| #define HAVE_STDLIB_H 1
| #define HAVE_STRING_H 1
| #define HAVE_MEMORY_H 1
| #define HAVE_STRINGS_H 1
| #define HAVE_INTTYPES_H 1
| #define HAVE_STDINT_H 1
| #define HAVE_UNISTD_H 1
| #define HAVE_DLFCN_H 1
| #define LT_OBJDIR ".libs/"
| #define HAVE_SYNC_BOOL_COMPARE_AND_SWAP_8 1
| #define HAVE_SYNC_ADD_AND_FETCH_8 1
| #define HAVE_SYNC_SUB_AND_FETCH_8 1
| #define HAVE_SYNC_OR_AND_FETCH_8 1
| #define HAVE_SYNC_AND_AND_FETCH_8 1
| #define HAVE_SYNC_XOR_AND_FETCH_8 1
| #define STDC_HEADERS 1
| /* end confdefs.h.  */
| 
| int
| main ()
| {
| 
|       #if !(defined(__xlc__) || defined(__xlC__) || defined(__IBMC__) || defined(__IBMCPP__))
|         thisisanerror;
|       #endif
| 
|   ;
|   return 0;
| }
configure:17739: g++ -c   conftest.cpp >&5
conftest.cpp: In function 'int main()':
conftest.cpp:38:9: error: 'thisisanerror' was not declared in this scope
         thisisanerror;
         ^
configure:17739: $? = 1
configure: failed program was:
| /* confdefs.h */
| #define PACKAGE_NAME "nanox"
| #define PACKAGE_TARNAME "nanox"
| #define PACKAGE_VERSION "0.14.1"
| #define PACKAGE_STRING "nanox 0.14.1"
| #define PACKAGE_BUGREPORT "pm-tools@bsc.es"
| #define PACKAGE_URL ""
| #define NANOX_CONFIGURE_ARGS "./configure --prefix=/home/ryan/mercurium/"
| #define PACKAGE "nanox"
| #define VERSION "0.14.1"
| #define NANOX_BUILD_VERSION "git HEAD 972fdad 2018-04-06 09:43:24 +0200 developer version"
| #define STDC_HEADERS 1
| #define HAVE_SYS_TYPES_H 1
| #define HAVE_SYS_STAT_H 1
| #define HAVE_STDLIB_H 1
| #define HAVE_STRING_H 1
| #define HAVE_MEMORY_H 1
| #define HAVE_STRINGS_H 1
| #define HAVE_INTTYPES_H 1
| #define HAVE_STDINT_H 1
| #define HAVE_UNISTD_H 1
| #define HAVE_DLFCN_H 1
| #define LT_OBJDIR ".libs/"
| #define HAVE_SYNC_BOOL_COMPARE_AND_SWAP_8 1
| #define HAVE_SYNC_ADD_AND_FETCH_8 1
| #define HAVE_SYNC_SUB_AND_FETCH_8 1
| #define HAVE_SYNC_OR_AND_FETCH_8 1
| #define HAVE_SYNC_AND_AND_FETCH_8 1
| #define HAVE_SYNC_XOR_AND_FETCH_8 1
| #define STDC_HEADERS 1
| /* end confdefs.h.  */
| 
| int
| main ()
| {
| 
|       #if !(defined(__PATHCC__) || defined(__PATHSCALE__))
|         thisisanerror;
|       #endif
| 
|   ;
|   return 0;
| }
configure:17739: g++ -c   conftest.cpp >&5
conftest.cpp: In function 'int main()':
conftest.cpp:38:9: error: 'thisisanerror' was not declared in this scope
         thisisanerror;
         ^
configure:17739: $? = 1
configure: failed program was:
| /* confdefs.h */
| #define PACKAGE_NAME "nanox"
| #define PACKAGE_TARNAME "nanox"
| #define PACKAGE_VERSION "0.14.1"
| #define PACKAGE_STRING "nanox 0.14.1"
| #define PACKAGE_BUGREPORT "pm-tools@bsc.es"
| #define PACKAGE_URL ""
| #define NANOX_CONFIGURE_ARGS "./configure --prefix=/home/ryan/mercurium/"
| #define PACKAGE "nanox"
| #define VERSION "0.14.1"
| #define NANOX_BUILD_VERSION "git HEAD 972fdad 2018-04-06 09:43:24 +0200 developer version"
| #define STDC_HEADERS 1
| #define HAVE_SYS_TYPES_H 1
| #define HAVE_SYS_STAT_H 1
| #define HAVE_STDLIB_H 1
| #define HAVE_STRING_H 1
| #define HAVE_MEMORY_H 1
| #define HAVE_STRINGS_H 1
| #define HAVE_INTTYPES_H 1
| #define HAVE_STDINT_H 1
| #define HAVE_UNISTD_H 1
| #define HAVE_DLFCN_H 1
| #define LT_OBJDIR ".libs/"
| #define HAVE_SYNC_BOOL_COMPARE_AND_SWAP_8 1
| #define HAVE_SYNC_ADD_AND_FETCH_8 1
| #define HAVE_SYNC_SUB_AND_FETCH_8 1
| #define HAVE_SYNC_OR_AND_FETCH_8 1
| #define HAVE_SYNC_AND_AND_FETCH_8 1
| #define HAVE_SYNC_XOR_AND_FETCH_8 1
| #define STDC_HEADERS 1
| /* end confdefs.h.  */
| 
| int
| main ()
| {
| 
|       #if !(defined(__clang__))
|         thisisanerror;
|       #endif
| 
|   ;
|   return 0;
| }
configure:17739: g++ -c   conftest.cpp >&5
conftest.cpp: In function 'int main()':
conftest.cpp:38:9: error: 'thisisanerror' was not declared in this scope
         thisisanerror;
         ^
configure:17739: $? = 1
configure: failed program was:
| /* confdefs.h */
| #define PACKAGE_NAME "nanox"
| #define PACKAGE_TARNAME "nanox"
| #define PACKAGE_VERSION "0.14.1"
| #define PACKAGE_STRING "nanox 0.14.1"
| #define PACKAGE_BUGREPORT "pm-tools@bsc.es"
| #define PACKAGE_URL ""
| #define NANOX_CONFIGURE_ARGS "./configure --prefix=/home/ryan/mercurium/"
| #define PACKAGE "nanox"
| #define VERSION "0.14.1"
| #define NANOX_BUILD_VERSION "git HEAD 972fdad 2018-04-06 09:43:24 +0200 developer version"
| #define STDC_HEADERS 1
| #define HAVE_SYS_TYPES_H 1
| #define HAVE_SYS_STAT_H 1
| #define HAVE_STDLIB_H 1
| #define HAVE_STRING_H 1
| #define HAVE_MEMORY_H 1
| #define HAVE_STRINGS_H 1
| #define HAVE_INTTYPES_H 1
| #define HAVE_STDINT_H 1
| #define HAVE_UNISTD_H 1
| #define HAVE_DLFCN_H 1
| #define LT_OBJDIR ".libs/"
| #define HAVE_SYNC_BOOL_COMPARE_AND_SWAP_8 1
| #define HAVE_SYNC_ADD_AND_FETCH_8 1
| #define HAVE_SYNC_SUB_AND_FETCH_8 1
| #define HAVE_SYNC_OR_AND_FETCH_8 1
| #define HAVE_SYNC_AND_AND_FETCH_8 1
| #define HAVE_SYNC_XOR_AND_FETCH_8 1
| #define STDC_HEADERS 1
| /* end confdefs.h.  */
| 
| int
| main ()
| {
| 
|       #if !(defined(_CRAYC))
|         thisisanerror;
|       #endif
| 
|   ;
|   return 0;
| }
configure:17739: g++ -c   conftest.cpp >&5
conftest.cpp: In function 'int main()':
conftest.cpp:38:9: error: 'thisisanerror' was not declared in this scope
         thisisanerror;
         ^
configure:17739: $? = 1
configure: failed program was:
| /* confdefs.h */
| #define PACKAGE_NAME "nanox"
| #define PACKAGE_TARNAME "nanox"
| #define PACKAGE_VERSION "0.14.1"
| #define PACKAGE_STRING "nanox 0.14.1"
| #define PACKAGE_BUGREPORT "pm-tools@bsc.es"
| #define PACKAGE_URL ""
| #define NANOX_CONFIGURE_ARGS "./configure --prefix=/home/ryan/mercurium/"
| #define PACKAGE "nanox"
| #define VERSION "0.14.1"
| #define NANOX_BUILD_VERSION "git HEAD 972fdad 2018-04-06 09:43:24 +0200 developer version"
| #define STDC_HEADERS 1
| #define HAVE_SYS_TYPES_H 1
| #define HAVE_SYS_STAT_H 1
| #define HAVE_STDLIB_H 1
| #define HAVE_STRING_H 1
| #define HAVE_MEMORY_H 1
| #define HAVE_STRINGS_H 1
| #define HAVE_INTTYPES_H 1
| #define HAVE_STDINT_H 1
| #define HAVE_UNISTD_H 1
| #define HAVE_DLFCN_H 1
| #define LT_OBJDIR ".libs/"
| #define HAVE_SYNC_BOOL_COMPARE_AND_SWAP_8 1
| #define HAVE_SYNC_ADD_AND_FETCH_8 1
| #define HAVE_SYNC_SUB_AND_FETCH_8 1
| #define HAVE_SYNC_OR_AND_FETCH_8 1
| #define HAVE_SYNC_AND_AND_FETCH_8 1
| #define HAVE_SYNC_XOR_AND_FETCH_8 1
| #define STDC_HEADERS 1
| /* end confdefs.h.  */
| 
| int
| main ()
| {
| 
|       #if !(defined(__FUJITSU))
|         thisisanerror;
|       #endif
| 
|   ;
|   return 0;
| }
configure:17739: g++ -c   conftest.cpp >&5
configure:17739: $? = 0
configure:17747: result: gnu
configure:17858: : cc_dep_CXXFLAGS="$cc_dep_CXXFLAGS"
configure:17861: $? = 0
configure:17883: checking gcc version
configure:17930: result: 4.8.5
configure:17959: checking size of size_t
configure:17964: g++ -o conftest    conftest.cpp  >&5
configure:17964: $? = 0
configure:17964: ./conftest
configure:17964: $? = 0
configure:17978: result: 8
configure:18633: checking if compiler needs -Werror to reject unknown flags
configure:18649: gcc -c  -Werror -Wunknown-warning-option -Wsizeof-array-argument  conftest.c >&5
gcc: error: unrecognized command line option '-Wunknown-warning-option'
gcc: error: unrecognized command line option '-Wsizeof-array-argument'
configure:18649: $? = 1
configure: failed program was:
| /* confdefs.h */
| #define PACKAGE_NAME "nanox"
| #define PACKAGE_TARNAME "nanox"
| #define PACKAGE_VERSION "0.14.1"
| #define PACKAGE_STRING "nanox 0.14.1"
| #define PACKAGE_BUGREPORT "pm-tools@bsc.es"
| #define PACKAGE_URL ""
| #define NANOX_CONFIGURE_ARGS "./configure --prefix=/home/ryan/mercurium/"
| #define PACKAGE "nanox"
| #define VERSION "0.14.1"
| #define NANOX_BUILD_VERSION "git HEAD 972fdad 2018-04-06 09:43:24 +0200 developer version"
| #define STDC_HEADERS 1
| #define HAVE_SYS_TYPES_H 1
| #define HAVE_SYS_STAT_H 1
| #define HAVE_STDLIB_H 1
| #define HAVE_STRING_H 1
| #define HAVE_MEMORY_H 1
| #define HAVE_STRINGS_H 1
| #define HAVE_INTTYPES_H 1
| #define HAVE_STDINT_H 1
| #define HAVE_UNISTD_H 1
| #define HAVE_DLFCN_H 1
| #define LT_OBJDIR ".libs/"
| #define HAVE_SYNC_BOOL_COMPARE_AND_SWAP_8 1
| #define HAVE_SYNC_ADD_AND_FETCH_8 1
| #define HAVE_SYNC_SUB_AND_FETCH_8 1
| #define HAVE_SYNC_OR_AND_FETCH_8 1
| #define HAVE_SYNC_AND_AND_FETCH_8 1
| #define HAVE_SYNC_XOR_AND_FETCH_8 1
| #define STDC_HEADERS 1
| #define SIZEOF_SIZE_T 8
| #define SMP_SUPPORTS_ULT /**/
| /* end confdefs.h.  */
| int foo(void);
| int
| main ()
| {
| foo()
|   ;
|   return 0;
| }
configure:18654: result: no
configure:18720: checking for the pthreads library -lpthreads
configure:18758: gcc -o conftest      conftest.c -lpthreads  >&5
/usr/bin/ld: cannot find -lpthreads
collect2: error: ld returned 1 exit status
configure:18758: $? = 1
configure: failed program was:
| /* confdefs.h */
| #define PACKAGE_NAME "nanox"
| #define PACKAGE_TARNAME "nanox"
| #define PACKAGE_VERSION "0.14.1"
| #define PACKAGE_STRING "nanox 0.14.1"
| #define PACKAGE_BUGREPORT "pm-tools@bsc.es"
| #define PACKAGE_URL ""
| #define NANOX_CONFIGURE_ARGS "./configure --prefix=/home/ryan/mercurium/"
| #define PACKAGE "nanox"
| #define VERSION "0.14.1"
| #define NANOX_BUILD_VERSION "git HEAD 972fdad 2018-04-06 09:43:24 +0200 developer version"
| #define STDC_HEADERS 1
| #define HAVE_SYS_TYPES_H 1
| #define HAVE_SYS_STAT_H 1
| #define HAVE_STDLIB_H 1
| #define HAVE_STRING_H 1
| #define HAVE_MEMORY_H 1
| #define HAVE_STRINGS_H 1
| #define HAVE_INTTYPES_H 1
| #define HAVE_STDINT_H 1
| #define HAVE_UNISTD_H 1
| #define HAVE_DLFCN_H 1
| #define LT_OBJDIR ".libs/"
| #define HAVE_SYNC_BOOL_COMPARE_AND_SWAP_8 1
| #define HAVE_SYNC_ADD_AND_FETCH_8 1
| #define HAVE_SYNC_SUB_AND_FETCH_8 1
| #define HAVE_SYNC_OR_AND_FETCH_8 1
| #define HAVE_SYNC_AND_AND_FETCH_8 1
| #define HAVE_SYNC_XOR_AND_FETCH_8 1
| #define STDC_HEADERS 1
| #define SIZEOF_SIZE_T 8
| #define SMP_SUPPORTS_ULT /**/
| /* end confdefs.h.  */
| #include <pthread.h>
|                         static void routine(void *a) { a = 0; }
|                         static void *start_routine(void *a) { return a; }
| int
| main ()
| {
| pthread_t th; pthread_attr_t attr;
|                         pthread_create(&th, 0, start_routine, 0);
|                         pthread_join(th, 0);
|                         pthread_attr_init(&attr);
|                         pthread_cleanup_push(routine, 0);
|                         pthread_cleanup_pop(0) /* ; */
|   ;
|   return 0;
| }
configure:18767: result: no
configure:18665: checking whether pthreads work without any flags
configure:18758: gcc -o conftest      conftest.c   >&5
/tmp/ccvyVqbH.o: In function `main':
conftest.c:(.text+0x42): undefined reference to `pthread_create'
conftest.c:(.text+0x53): undefined reference to `pthread_join'
conftest.c:(.text+0xbb): undefined reference to `__pthread_register_cancel'
conftest.c:(.text+0xca): undefined reference to `__pthread_unregister_cancel'
collect2: error: ld returned 1 exit status
configure:18758: $? = 1
configure: failed program was:
| /* confdefs.h */
| #define PACKAGE_NAME "nanox"
| #define PACKAGE_TARNAME "nanox"
| #define PACKAGE_VERSION "0.14.1"
| #define PACKAGE_STRING "nanox 0.14.1"
| #define PACKAGE_BUGREPORT "pm-tools@bsc.es"
| #define PACKAGE_URL ""
| #define NANOX_CONFIGURE_ARGS "./configure --prefix=/home/ryan/mercurium/"
| #define PACKAGE "nanox"
| #define VERSION "0.14.1"
| #define NANOX_BUILD_VERSION "git HEAD 972fdad 2018-04-06 09:43:24 +0200 developer version"
| #define STDC_HEADERS 1
| #define HAVE_SYS_TYPES_H 1
| #define HAVE_SYS_STAT_H 1
| #define HAVE_STDLIB_H 1
| #define HAVE_STRING_H 1
| #define HAVE_MEMORY_H 1
| #define HAVE_STRINGS_H 1
| #define HAVE_INTTYPES_H 1
| #define HAVE_STDINT_H 1
| #define HAVE_UNISTD_H 1
| #define HAVE_DLFCN_H 1
| #define LT_OBJDIR ".libs/"
| #define HAVE_SYNC_BOOL_COMPARE_AND_SWAP_8 1
| #define HAVE_SYNC_ADD_AND_FETCH_8 1
| #define HAVE_SYNC_SUB_AND_FETCH_8 1
| #define HAVE_SYNC_OR_AND_FETCH_8 1
| #define HAVE_SYNC_AND_AND_FETCH_8 1
| #define HAVE_SYNC_XOR_AND_FETCH_8 1
| #define STDC_HEADERS 1
| #define SIZEOF_SIZE_T 8
| #define SMP_SUPPORTS_ULT /**/
| /* end confdefs.h.  */
| #include <pthread.h>
|                         static void routine(void *a) { a = 0; }
|                         static void *start_routine(void *a) { return a; }
| int
| main ()
| {
| pthread_t th; pthread_attr_t attr;
|                         pthread_create(&th, 0, start_routine, 0);
|                         pthread_join(th, 0);
|                         pthread_attr_init(&attr);
|                         pthread_cleanup_push(routine, 0);
|                         pthread_cleanup_pop(0) /* ; */
|   ;
|   return 0;
| }
configure:18767: result: no
configure:18670: checking whether pthreads work with -Kthread
configure:18758: gcc -o conftest  -Kthread    conftest.c   >&5
gcc: error: unrecognized command line option '-Kthread'
configure:18758: $? = 1
configure: failed program was:
| /* confdefs.h */
| #define PACKAGE_NAME "nanox"
| #define PACKAGE_TARNAME "nanox"
| #define PACKAGE_VERSION "0.14.1"
| #define PACKAGE_STRING "nanox 0.14.1"
| #define PACKAGE_BUGREPORT "pm-tools@bsc.es"
| #define PACKAGE_URL ""
| #define NANOX_CONFIGURE_ARGS "./configure --prefix=/home/ryan/mercurium/"
| #define PACKAGE "nanox"
| #define VERSION "0.14.1"
| #define NANOX_BUILD_VERSION "git HEAD 972fdad 2018-04-06 09:43:24 +0200 developer version"
| #define STDC_HEADERS 1
| #define HAVE_SYS_TYPES_H 1
| #define HAVE_SYS_STAT_H 1
| #define HAVE_STDLIB_H 1
| #define HAVE_STRING_H 1
| #define HAVE_MEMORY_H 1
| #define HAVE_STRINGS_H 1
| #define HAVE_INTTYPES_H 1
| #define HAVE_STDINT_H 1
| #define HAVE_UNISTD_H 1
| #define HAVE_DLFCN_H 1
| #define LT_OBJDIR ".libs/"
| #define HAVE_SYNC_BOOL_COMPARE_AND_SWAP_8 1
| #define HAVE_SYNC_ADD_AND_FETCH_8 1
| #define HAVE_SYNC_SUB_AND_FETCH_8 1
| #define HAVE_SYNC_OR_AND_FETCH_8 1
| #define HAVE_SYNC_AND_AND_FETCH_8 1
| #define HAVE_SYNC_XOR_AND_FETCH_8 1
| #define STDC_HEADERS 1
| #define SIZEOF_SIZE_T 8
| #define SMP_SUPPORTS_ULT /**/
| /* end confdefs.h.  */
| #include <pthread.h>
|                         static void routine(void *a) { a = 0; }
|                         static void *start_routine(void *a) { return a; }
| int
| main ()
| {
| pthread_t th; pthread_attr_t attr;
|                         pthread_create(&th, 0, start_routine, 0);
|                         pthread_join(th, 0);
|                         pthread_attr_init(&attr);
|                         pthread_cleanup_push(routine, 0);
|                         pthread_cleanup_pop(0) /* ; */
|   ;
|   return 0;
| }
configure:18767: result: no
configure:18670: checking whether pthreads work with -kthread
configure:18758: gcc -o conftest  -kthread    conftest.c   >&5
gcc: error: unrecognized command line option '-kthread'
configure:18758: $? = 1
configure: failed program was:
| /* confdefs.h */
| #define PACKAGE_NAME "nanox"
| #define PACKAGE_TARNAME "nanox"
| #define PACKAGE_VERSION "0.14.1"
| #define PACKAGE_STRING "nanox 0.14.1"
| #define PACKAGE_BUGREPORT "pm-tools@bsc.es"
| #define PACKAGE_URL ""
| #define NANOX_CONFIGURE_ARGS "./configure --prefix=/home/ryan/mercurium/"
| #define PACKAGE "nanox"
| #define VERSION "0.14.1"
| #define NANOX_BUILD_VERSION "git HEAD 972fdad 2018-04-06 09:43:24 +0200 developer version"
| #define STDC_HEADERS 1
| #define HAVE_SYS_TYPES_H 1
| #define HAVE_SYS_STAT_H 1
| #define HAVE_STDLIB_H 1
| #define HAVE_STRING_H 1
| #define HAVE_MEMORY_H 1
| #define HAVE_STRINGS_H 1
| #define HAVE_INTTYPES_H 1
| #define HAVE_STDINT_H 1
| #define HAVE_UNISTD_H 1
| #define HAVE_DLFCN_H 1
| #define LT_OBJDIR ".libs/"
| #define HAVE_SYNC_BOOL_COMPARE_AND_SWAP_8 1
| #define HAVE_SYNC_ADD_AND_FETCH_8 1
| #define HAVE_SYNC_SUB_AND_FETCH_8 1
| #define HAVE_SYNC_OR_AND_FETCH_8 1
| #define HAVE_SYNC_AND_AND_FETCH_8 1
| #define HAVE_SYNC_XOR_AND_FETCH_8 1
| #define STDC_HEADERS 1
| #define SIZEOF_SIZE_T 8
| #define SMP_SUPPORTS_ULT /**/
| /* end confdefs.h.  */
| #include <pthread.h>
|                         static void routine(void *a) { a = 0; }
|                         static void *start_routine(void *a) { return a; }
| int
| main ()
| {
| pthread_t th; pthread_attr_t attr;
|                         pthread_create(&th, 0, start_routine, 0);
|                         pthread_join(th, 0);
|                         pthread_attr_init(&attr);
|                         pthread_cleanup_push(routine, 0);
|                         pthread_cleanup_pop(0) /* ; */
|   ;
|   return 0;
| }
configure:18767: result: no
configure:18720: checking for the pthreads library -llthread
configure:18758: gcc -o conftest      conftest.c -llthread  >&5
/usr/bin/ld: cannot find -llthread
collect2: error: ld returned 1 exit status
configure:18758: $? = 1
configure: failed program was:
| /* confdefs.h */
| #define PACKAGE_NAME "nanox"
| #define PACKAGE_TARNAME "nanox"
| #define PACKAGE_VERSION "0.14.1"
| #define PACKAGE_STRING "nanox 0.14.1"
| #define PACKAGE_BUGREPORT "pm-tools@bsc.es"
| #define PACKAGE_URL ""
| #define NANOX_CONFIGURE_ARGS "./configure --prefix=/home/ryan/mercurium/"
| #define PACKAGE "nanox"
| #define VERSION "0.14.1"
| #define NANOX_BUILD_VERSION "git HEAD 972fdad 2018-04-06 09:43:24 +0200 developer version"
| #define STDC_HEADERS 1
| #define HAVE_SYS_TYPES_H 1
| #define HAVE_SYS_STAT_H 1
| #define HAVE_STDLIB_H 1
| #define HAVE_STRING_H 1
| #define HAVE_MEMORY_H 1
| #define HAVE_STRINGS_H 1
| #define HAVE_INTTYPES_H 1
| #define HAVE_STDINT_H 1
| #define HAVE_UNISTD_H 1
| #define HAVE_DLFCN_H 1
| #define LT_OBJDIR ".libs/"
| #define HAVE_SYNC_BOOL_COMPARE_AND_SWAP_8 1
| #define HAVE_SYNC_ADD_AND_FETCH_8 1
| #define HAVE_SYNC_SUB_AND_FETCH_8 1
| #define HAVE_SYNC_OR_AND_FETCH_8 1
| #define HAVE_SYNC_AND_AND_FETCH_8 1
| #define HAVE_SYNC_XOR_AND_FETCH_8 1
| #define STDC_HEADERS 1
| #define SIZEOF_SIZE_T 8
| #define SMP_SUPPORTS_ULT /**/
| /* end confdefs.h.  */
| #include <pthread.h>
|                         static void routine(void *a) { a = 0; }
|                         static void *start_routine(void *a) { return a; }
| int
| main ()
| {
| pthread_t th; pthread_attr_t attr;
|                         pthread_create(&th, 0, start_routine, 0);
|                         pthread_join(th, 0);
|                         pthread_attr_init(&attr);
|                         pthread_cleanup_push(routine, 0);
|                         pthread_cleanup_pop(0) /* ; */
|   ;
|   return 0;
| }
configure:18767: result: no
configure:18670: checking whether pthreads work with -pthread
configure:18758: gcc -o conftest  -pthread    conftest.c   >&5
configure:18758: $? = 0
configure:18767: result: yes
configure:18786: checking for joinable pthread attribute
configure:18801: gcc -o conftest  -pthread   conftest.c   >&5
configure:18801: $? = 0
configure:18807: result: PTHREAD_CREATE_JOINABLE
configure:18817: checking if more special flags are required for pthreads
configure:18832: result: no
configure:18838: checking for PTHREAD_PRIO_INHERIT
configure:18855: gcc -o conftest  -pthread   conftest.c   >&5
configure:18855: $? = 0
configure:18864: result: yes
configure:21891: checking for nvcc
configure:21909: found /usr/local/cuda/bin/nvcc
configure:21921: result: /usr/local/cuda/bin/nvcc
configure:21957: checking cuda.h usability
configure:21957: g++ -c   -isystem /usr/local/cuda/include conftest.cpp >&5
configure:21957: $? = 0
configure:21957: result: yes
configure:21957: checking cuda.h presence
configure:21957: g++ -E  -isystem /usr/local/cuda/include conftest.cpp
configure:21957: $? = 0
configure:21957: result: yes
configure:21957: checking for cuda.h
configure:21957: result: yes
configure:21969: checking for library containing cudaMemcpy
configure:22000: g++ -o conftest   -isystem /usr/local/cuda/include  -L/usr/local/cuda/lib64 -Wl,-rpath,/usr/local/cuda/lib64 conftest.cpp  >&5
/tmp/cch88RNC.o: In function `main':
conftest.cpp:(.text+0x5): undefined reference to `cudaMemcpy'
collect2: error: ld returned 1 exit status
configure:22000: $? = 1
configure: failed program was:
| /* confdefs.h */
| #define PACKAGE_NAME "nanox"
| #define PACKAGE_TARNAME "nanox"
| #define PACKAGE_VERSION "0.14.1"
| #define PACKAGE_STRING "nanox 0.14.1"
| #define PACKAGE_BUGREPORT "pm-tools@bsc.es"
| #define PACKAGE_URL ""
| #define NANOX_CONFIGURE_ARGS "./configure --prefix=/home/ryan/mercurium/"
| #define PACKAGE "nanox"
| #define VERSION "0.14.1"
| #define NANOX_BUILD_VERSION "git HEAD 972fdad 2018-04-06 09:43:24 +0200 developer version"
| #define STDC_HEADERS 1
| #define HAVE_SYS_TYPES_H 1
| #define HAVE_SYS_STAT_H 1
| #define HAVE_STDLIB_H 1
| #define HAVE_STRING_H 1
| #define HAVE_MEMORY_H 1
| #define HAVE_STRINGS_H 1
| #define HAVE_INTTYPES_H 1
| #define HAVE_STDINT_H 1
| #define HAVE_UNISTD_H 1
| #define HAVE_DLFCN_H 1
| #define LT_OBJDIR ".libs/"
| #define HAVE_SYNC_BOOL_COMPARE_AND_SWAP_8 1
| #define HAVE_SYNC_ADD_AND_FETCH_8 1
| #define HAVE_SYNC_SUB_AND_FETCH_8 1
| #define HAVE_SYNC_OR_AND_FETCH_8 1
| #define HAVE_SYNC_AND_AND_FETCH_8 1
| #define HAVE_SYNC_XOR_AND_FETCH_8 1
| #define STDC_HEADERS 1
| #define SIZEOF_SIZE_T 8
| #define SMP_SUPPORTS_ULT /**/
| #define HAVE_PTHREAD_PRIO_INHERIT 1
| #define HAVE_PTHREAD 1
| /* end confdefs.h.  */
| 
| /* Override any GCC internal prototype to avoid an error.
|    Use char because int might match the return type of a GCC
|    builtin and then its argument prototype would still apply.  */
| #ifdef __cplusplus
| extern "C"
| #endif
| char cudaMemcpy ();
| int
| main ()
| {
| return cudaMemcpy ();
|   ;
|   return 0;
| }
configure:22000: g++ -o conftest   -isystem /usr/local/cuda/include  -L/usr/local/cuda/lib64 -Wl,-rpath,/usr/local/cuda/lib64 conftest.cpp -lcudart   >&5
configure:22000: $? = 0
configure:22017: result: -lcudart
configure:22033: checking for library containing cublasDrotmg
configure:22064: g++ -o conftest   -isystem /usr/local/cuda/include  -L/usr/local/cuda/lib64 -Wl,-rpath,/usr/local/cuda/lib64 conftest.cpp -lcudart  >&5
/tmp/ccmmgqoV.o: In function `main':
conftest.cpp:(.text+0x5): undefined reference to `cublasDrotmg'
collect2: error: ld returned 1 exit status
configure:22064: $? = 1
configure: failed program was:
| /* confdefs.h */
| #define PACKAGE_NAME "nanox"
| #define PACKAGE_TARNAME "nanox"
| #define PACKAGE_VERSION "0.14.1"
| #define PACKAGE_STRING "nanox 0.14.1"
| #define PACKAGE_BUGREPORT "pm-tools@bsc.es"
| #define PACKAGE_URL ""
| #define NANOX_CONFIGURE_ARGS "./configure --prefix=/home/ryan/mercurium/"
| #define PACKAGE "nanox"
| #define VERSION "0.14.1"
| #define NANOX_BUILD_VERSION "git HEAD 972fdad 2018-04-06 09:43:24 +0200 developer version"
| #define STDC_HEADERS 1
| #define HAVE_SYS_TYPES_H 1
| #define HAVE_SYS_STAT_H 1
| #define HAVE_STDLIB_H 1
| #define HAVE_STRING_H 1
| #define HAVE_MEMORY_H 1
| #define HAVE_STRINGS_H 1
| #define HAVE_INTTYPES_H 1
| #define HAVE_STDINT_H 1
| #define HAVE_UNISTD_H 1
| #define HAVE_DLFCN_H 1
| #define LT_OBJDIR ".libs/"
| #define HAVE_SYNC_BOOL_COMPARE_AND_SWAP_8 1
| #define HAVE_SYNC_ADD_AND_FETCH_8 1
| #define HAVE_SYNC_SUB_AND_FETCH_8 1
| #define HAVE_SYNC_OR_AND_FETCH_8 1
| #define HAVE_SYNC_AND_AND_FETCH_8 1
| #define HAVE_SYNC_XOR_AND_FETCH_8 1
| #define STDC_HEADERS 1
| #define SIZEOF_SIZE_T 8
| #define SMP_SUPPORTS_ULT /**/
| #define HAVE_PTHREAD_PRIO_INHERIT 1
| #define HAVE_PTHREAD 1
| /* end confdefs.h.  */
| 
| /* Override any GCC internal prototype to avoid an error.
|    Use char because int might match the return type of a GCC
|    builtin and then its argument prototype would still apply.  */
| #ifdef __cplusplus
| extern "C"
| #endif
| char cublasDrotmg ();
| int
| main ()
| {
| return cublasDrotmg ();
|   ;
|   return 0;
| }
configure:22064: g++ -o conftest   -isystem /usr/local/cuda/include  -L/usr/local/cuda/lib64 -Wl,-rpath,/usr/local/cuda/lib64 conftest.cpp -lcublas  -lcudart  >&5
configure:22064: $? = 0
configure:22081: result: -lcublas
configure:22097: checking for library containing cusparseDcsrmm
configure:22128: g++ -o conftest   -isystem /usr/local/cuda/include  -L/usr/local/cuda/lib64 -Wl,-rpath,/usr/local/cuda/lib64 conftest.cpp -lcublas -lcudart  >&5
/tmp/ccujMzQi.o: In function `main':
conftest.cpp:(.text+0x5): undefined reference to `cusparseDcsrmm'
collect2: error: ld returned 1 exit status
configure:22128: $? = 1
configure: failed program was:
| /* confdefs.h */
| #define PACKAGE_NAME "nanox"
| #define PACKAGE_TARNAME "nanox"
| #define PACKAGE_VERSION "0.14.1"
| #define PACKAGE_STRING "nanox 0.14.1"
| #define PACKAGE_BUGREPORT "pm-tools@bsc.es"
| #define PACKAGE_URL ""
| #define NANOX_CONFIGURE_ARGS "./configure --prefix=/home/ryan/mercurium/"
| #define PACKAGE "nanox"
| #define VERSION "0.14.1"
| #define NANOX_BUILD_VERSION "git HEAD 972fdad 2018-04-06 09:43:24 +0200 developer version"
| #define STDC_HEADERS 1
| #define HAVE_SYS_TYPES_H 1
| #define HAVE_SYS_STAT_H 1
| #define HAVE_STDLIB_H 1
| #define HAVE_STRING_H 1
| #define HAVE_MEMORY_H 1
| #define HAVE_STRINGS_H 1
| #define HAVE_INTTYPES_H 1
| #define HAVE_STDINT_H 1
| #define HAVE_UNISTD_H 1
| #define HAVE_DLFCN_H 1
| #define LT_OBJDIR ".libs/"
| #define HAVE_SYNC_BOOL_COMPARE_AND_SWAP_8 1
| #define HAVE_SYNC_ADD_AND_FETCH_8 1
| #define HAVE_SYNC_SUB_AND_FETCH_8 1
| #define HAVE_SYNC_OR_AND_FETCH_8 1
| #define HAVE_SYNC_AND_AND_FETCH_8 1
| #define HAVE_SYNC_XOR_AND_FETCH_8 1
| #define STDC_HEADERS 1
| #define SIZEOF_SIZE_T 8
| #define SMP_SUPPORTS_ULT /**/
| #define HAVE_PTHREAD_PRIO_INHERIT 1
| #define HAVE_PTHREAD 1
| /* end confdefs.h.  */
| 
| /* Override any GCC internal prototype to avoid an error.
|    Use char because int might match the return type of a GCC
|    builtin and then its argument prototype would still apply.  */
| #ifdef __cplusplus
| extern "C"
| #endif
| char cusparseDcsrmm ();
| int
| main ()
| {
| return cusparseDcsrmm ();
|   ;
|   return 0;
| }
configure:22128: g++ -o conftest   -isystem /usr/local/cuda/include  -L/usr/local/cuda/lib64 -Wl,-rpath,/usr/local/cuda/lib64 conftest.cpp -lcusparse  -lcublas -lcudart  >&5
configure:22128: $? = 0
configure:22145: result: -lcusparse
configure:22198: checking CUDA API version
configure:22208: result: 9010
configure:22394: checking CL/opencl.h usability
configure:22394: g++ -c  -Wno-error=comment   conftest.cpp >&5
conftest.cpp:71:23: fatal error: CL/opencl.h: No such file or directory
 #include <CL/opencl.h>
                       ^
compilation terminated.
configure:22394: $? = 1
configure: failed program was:
| /* confdefs.h */
| #define PACKAGE_NAME "nanox"
| #define PACKAGE_TARNAME "nanox"
| #define PACKAGE_VERSION "0.14.1"
| #define PACKAGE_STRING "nanox 0.14.1"
| #define PACKAGE_BUGREPORT "pm-tools@bsc.es"
| #define PACKAGE_URL ""
| #define NANOX_CONFIGURE_ARGS "./configure --prefix=/home/ryan/mercurium/"
| #define PACKAGE "nanox"
| #define VERSION "0.14.1"
| #define NANOX_BUILD_VERSION "git HEAD 972fdad 2018-04-06 09:43:24 +0200 developer version"
| #define STDC_HEADERS 1
| #define HAVE_SYS_TYPES_H 1
| #define HAVE_SYS_STAT_H 1
| #define HAVE_STDLIB_H 1
| #define HAVE_STRING_H 1
| #define HAVE_MEMORY_H 1
| #define HAVE_STRINGS_H 1
| #define HAVE_INTTYPES_H 1
| #define HAVE_STDINT_H 1
| #define HAVE_UNISTD_H 1
| #define HAVE_DLFCN_H 1
| #define LT_OBJDIR ".libs/"
| #define HAVE_SYNC_BOOL_COMPARE_AND_SWAP_8 1
| #define HAVE_SYNC_ADD_AND_FETCH_8 1
| #define HAVE_SYNC_SUB_AND_FETCH_8 1
| #define HAVE_SYNC_OR_AND_FETCH_8 1
| #define HAVE_SYNC_AND_AND_FETCH_8 1
| #define HAVE_SYNC_XOR_AND_FETCH_8 1
| #define STDC_HEADERS 1
| #define SIZEOF_SIZE_T 8
| #define SMP_SUPPORTS_ULT /**/
| #define HAVE_PTHREAD_PRIO_INHERIT 1
| #define HAVE_PTHREAD 1
| #define NANOS_CUDA_VERSION 
| #define GPU_DEV /**/
| /* end confdefs.h.  */
| #include <stdio.h>
| #ifdef HAVE_SYS_TYPES_H
| # include <sys/types.h>
| #endif
| #ifdef HAVE_SYS_STAT_H
| # include <sys/stat.h>
| #endif
| #ifdef STDC_HEADERS
| # include <stdlib.h>
| # include <stddef.h>
| #else
| # ifdef HAVE_STDLIB_H
| #  include <stdlib.h>
| # endif
| #endif
| #ifdef HAVE_STRING_H
| # if !defined STDC_HEADERS && defined HAVE_MEMORY_H
| #  include <memory.h>
| # endif
| # include <string.h>
| #endif
| #ifdef HAVE_STRINGS_H
| # include <strings.h>
| #endif
| #ifdef HAVE_INTTYPES_H
| # include <inttypes.h>
| #endif
| #ifdef HAVE_STDINT_H
| # include <stdint.h>
| #endif
| #ifdef HAVE_UNISTD_H
| # include <unistd.h>
| #endif
| #include <CL/opencl.h>
configure:22394: result: no
configure:22394: checking CL/opencl.h presence
configure:22394: g++ -E   conftest.cpp
conftest.cpp:38:23: fatal error: CL/opencl.h: No such file or directory
 #include <CL/opencl.h>
                       ^
compilation terminated.
configure:22394: $? = 1
configure: failed program was:
| /* confdefs.h */
| #define PACKAGE_NAME "nanox"
| #define PACKAGE_TARNAME "nanox"
| #define PACKAGE_VERSION "0.14.1"
| #define PACKAGE_STRING "nanox 0.14.1"
| #define PACKAGE_BUGREPORT "pm-tools@bsc.es"
| #define PACKAGE_URL ""
| #define NANOX_CONFIGURE_ARGS "./configure --prefix=/home/ryan/mercurium/"
| #define PACKAGE "nanox"
| #define VERSION "0.14.1"
| #define NANOX_BUILD_VERSION "git HEAD 972fdad 2018-04-06 09:43:24 +0200 developer version"
| #define STDC_HEADERS 1
| #define HAVE_SYS_TYPES_H 1
| #define HAVE_SYS_STAT_H 1
| #define HAVE_STDLIB_H 1
| #define HAVE_STRING_H 1
| #define HAVE_MEMORY_H 1
| #define HAVE_STRINGS_H 1
| #define HAVE_INTTYPES_H 1
| #define HAVE_STDINT_H 1
| #define HAVE_UNISTD_H 1
| #define HAVE_DLFCN_H 1
| #define LT_OBJDIR ".libs/"
| #define HAVE_SYNC_BOOL_COMPARE_AND_SWAP_8 1
| #define HAVE_SYNC_ADD_AND_FETCH_8 1
| #define HAVE_SYNC_SUB_AND_FETCH_8 1
| #define HAVE_SYNC_OR_AND_FETCH_8 1
| #define HAVE_SYNC_AND_AND_FETCH_8 1
| #define HAVE_SYNC_XOR_AND_FETCH_8 1
| #define STDC_HEADERS 1
| #define SIZEOF_SIZE_T 8
| #define SMP_SUPPORTS_ULT /**/
| #define HAVE_PTHREAD_PRIO_INHERIT 1
| #define HAVE_PTHREAD 1
| #define NANOS_CUDA_VERSION 
| #define GPU_DEV /**/
| /* end confdefs.h.  */
| #include <CL/opencl.h>
configure:22394: result: no
configure:22394: checking for CL/opencl.h
configure:22394: result: no
configure:22394: checking OpenCL/opencl.h usability
configure:22394: g++ -c  -Wno-error=comment   conftest.cpp >&5
conftest.cpp:71:27: fatal error: OpenCL/opencl.h: No such file or directory
 #include <OpenCL/opencl.h>
                           ^
compilation terminated.
configure:22394: $? = 1
configure: failed program was:
| /* confdefs.h */
| #define PACKAGE_NAME "nanox"
| #define PACKAGE_TARNAME "nanox"
| #define PACKAGE_VERSION "0.14.1"
| #define PACKAGE_STRING "nanox 0.14.1"
| #define PACKAGE_BUGREPORT "pm-tools@bsc.es"
| #define PACKAGE_URL ""
| #define NANOX_CONFIGURE_ARGS "./configure --prefix=/home/ryan/mercurium/"
| #define PACKAGE "nanox"
| #define VERSION "0.14.1"
| #define NANOX_BUILD_VERSION "git HEAD 972fdad 2018-04-06 09:43:24 +0200 developer version"
| #define STDC_HEADERS 1
| #define HAVE_SYS_TYPES_H 1
| #define HAVE_SYS_STAT_H 1
| #define HAVE_STDLIB_H 1
| #define HAVE_STRING_H 1
| #define HAVE_MEMORY_H 1
| #define HAVE_STRINGS_H 1
| #define HAVE_INTTYPES_H 1
| #define HAVE_STDINT_H 1
| #define HAVE_UNISTD_H 1
| #define HAVE_DLFCN_H 1
| #define LT_OBJDIR ".libs/"
| #define HAVE_SYNC_BOOL_COMPARE_AND_SWAP_8 1
| #define HAVE_SYNC_ADD_AND_FETCH_8 1
| #define HAVE_SYNC_SUB_AND_FETCH_8 1
| #define HAVE_SYNC_OR_AND_FETCH_8 1
| #define HAVE_SYNC_AND_AND_FETCH_8 1
| #define HAVE_SYNC_XOR_AND_FETCH_8 1
| #define STDC_HEADERS 1
| #define SIZEOF_SIZE_T 8
| #define SMP_SUPPORTS_ULT /**/
| #define HAVE_PTHREAD_PRIO_INHERIT 1
| #define HAVE_PTHREAD 1
| #define NANOS_CUDA_VERSION 
| #define GPU_DEV /**/
| /* end confdefs.h.  */
| #include <stdio.h>
| #ifdef HAVE_SYS_TYPES_H
| # include <sys/types.h>
| #endif
| #ifdef HAVE_SYS_STAT_H
| # include <sys/stat.h>
| #endif
| #ifdef STDC_HEADERS
| # include <stdlib.h>
| # include <stddef.h>
| #else
| # ifdef HAVE_STDLIB_H
| #  include <stdlib.h>
| # endif
| #endif
| #ifdef HAVE_STRING_H
| # if !defined STDC_HEADERS && defined HAVE_MEMORY_H
| #  include <memory.h>
| # endif
| # include <string.h>
| #endif
| #ifdef HAVE_STRINGS_H
| # include <strings.h>
| #endif
| #ifdef HAVE_INTTYPES_H
| # include <inttypes.h>
| #endif
| #ifdef HAVE_STDINT_H
| # include <stdint.h>
| #endif
| #ifdef HAVE_UNISTD_H
| # include <unistd.h>
| #endif
| #include <OpenCL/opencl.h>
configure:22394: result: no
configure:22394: checking OpenCL/opencl.h presence
configure:22394: g++ -E   conftest.cpp
conftest.cpp:38:27: fatal error: OpenCL/opencl.h: No such file or directory
 #include <OpenCL/opencl.h>
                           ^
compilation terminated.
configure:22394: $? = 1
configure: failed program was:
| /* confdefs.h */
| #define PACKAGE_NAME "nanox"
| #define PACKAGE_TARNAME "nanox"
| #define PACKAGE_VERSION "0.14.1"
| #define PACKAGE_STRING "nanox 0.14.1"
| #define PACKAGE_BUGREPORT "pm-tools@bsc.es"
| #define PACKAGE_URL ""
| #define NANOX_CONFIGURE_ARGS "./configure --prefix=/home/ryan/mercurium/"
| #define PACKAGE "nanox"
| #define VERSION "0.14.1"
| #define NANOX_BUILD_VERSION "git HEAD 972fdad 2018-04-06 09:43:24 +0200 developer version"
| #define STDC_HEADERS 1
| #define HAVE_SYS_TYPES_H 1
| #define HAVE_SYS_STAT_H 1
| #define HAVE_STDLIB_H 1
| #define HAVE_STRING_H 1
| #define HAVE_MEMORY_H 1
| #define HAVE_STRINGS_H 1
| #define HAVE_INTTYPES_H 1
| #define HAVE_STDINT_H 1
| #define HAVE_UNISTD_H 1
| #define HAVE_DLFCN_H 1
| #define LT_OBJDIR ".libs/"
| #define HAVE_SYNC_BOOL_COMPARE_AND_SWAP_8 1
| #define HAVE_SYNC_ADD_AND_FETCH_8 1
| #define HAVE_SYNC_SUB_AND_FETCH_8 1
| #define HAVE_SYNC_OR_AND_FETCH_8 1
| #define HAVE_SYNC_AND_AND_FETCH_8 1
| #define HAVE_SYNC_XOR_AND_FETCH_8 1
| #define STDC_HEADERS 1
| #define SIZEOF_SIZE_T 8
| #define SMP_SUPPORTS_ULT /**/
| #define HAVE_PTHREAD_PRIO_INHERIT 1
| #define HAVE_PTHREAD 1
| #define NANOS_CUDA_VERSION 
| #define GPU_DEV /**/
| /* end confdefs.h.  */
| #include <OpenCL/opencl.h>
configure:22394: result: no
configure:22394: checking for OpenCL/opencl.h
configure:22394: result: no
configure:22813: checking sqlite3.h usability
configure:22813: g++ -c    conftest.cpp >&5
configure:22813: $? = 0
configure:22813: result: yes
configure:22813: checking sqlite3.h presence
configure:22813: g++ -E   conftest.cpp
configure:22813: $? = 0
configure:22813: result: yes
configure:22813: checking for sqlite3.h
configure:22813: result: yes
configure:22829: checking for library containing sqlite3_libversion_number
configure:22860: g++ -o conftest      conftest.cpp  >&5
/tmp/ccLJHcar.o: In function `main':
conftest.cpp:(.text+0x5): undefined reference to `sqlite3_libversion_number'
collect2: error: ld returned 1 exit status
configure:22860: $? = 1
configure: failed program was:
| /* confdefs.h */
| #define PACKAGE_NAME "nanox"
| #define PACKAGE_TARNAME "nanox"
| #define PACKAGE_VERSION "0.14.1"
| #define PACKAGE_STRING "nanox 0.14.1"
| #define PACKAGE_BUGREPORT "pm-tools@bsc.es"
| #define PACKAGE_URL ""
| #define NANOX_CONFIGURE_ARGS "./configure --prefix=/home/ryan/mercurium/"
| #define PACKAGE "nanox"
| #define VERSION "0.14.1"
| #define NANOX_BUILD_VERSION "git HEAD 972fdad 2018-04-06 09:43:24 +0200 developer version"
| #define STDC_HEADERS 1
| #define HAVE_SYS_TYPES_H 1
| #define HAVE_SYS_STAT_H 1
| #define HAVE_STDLIB_H 1
| #define HAVE_STRING_H 1
| #define HAVE_MEMORY_H 1
| #define HAVE_STRINGS_H 1
| #define HAVE_INTTYPES_H 1
| #define HAVE_STDINT_H 1
| #define HAVE_UNISTD_H 1
| #define HAVE_DLFCN_H 1
| #define LT_OBJDIR ".libs/"
| #define HAVE_SYNC_BOOL_COMPARE_AND_SWAP_8 1
| #define HAVE_SYNC_ADD_AND_FETCH_8 1
| #define HAVE_SYNC_SUB_AND_FETCH_8 1
| #define HAVE_SYNC_OR_AND_FETCH_8 1
| #define HAVE_SYNC_AND_AND_FETCH_8 1
| #define HAVE_SYNC_XOR_AND_FETCH_8 1
| #define STDC_HEADERS 1
| #define SIZEOF_SIZE_T 8
| #define SMP_SUPPORTS_ULT /**/
| #define HAVE_PTHREAD_PRIO_INHERIT 1
| #define HAVE_PTHREAD 1
| #define NANOS_CUDA_VERSION 
| #define GPU_DEV /**/
| #define HAVE_SQLITE3_H 1
| /* end confdefs.h.  */
| 
| /* Override any GCC internal prototype to avoid an error.
|    Use char because int might match the return type of a GCC
|    builtin and then its argument prototype would still apply.  */
| #ifdef __cplusplus
| extern "C"
| #endif
| char sqlite3_libversion_number ();
| int
| main ()
| {
| return sqlite3_libversion_number ();
|   ;
|   return 0;
| }
configure:22860: g++ -o conftest      conftest.cpp -lsqlite3   >&5
configure:22860: $? = 0
configure:22877: result: -lsqlite3
configure:23254: checking for DLB
configure:23265: result: no
configure:23685: checking for Extrae
configure:23696: result: no
configure:23932: checking for mkl_blas_dgemm in -lmkl_sequential
configure:23957: g++ -o conftest    conftest.cpp -lmkl_sequential -lm -lmkl_core  >&5
/usr/bin/ld: cannot find -lmkl_sequential
/usr/bin/ld: cannot find -lmkl_core
collect2: error: ld returned 1 exit status
configure:23957: $? = 1
configure: failed program was:
| /* confdefs.h */
| #define PACKAGE_NAME "nanox"
| #define PACKAGE_TARNAME "nanox"
| #define PACKAGE_VERSION "0.14.1"
| #define PACKAGE_STRING "nanox 0.14.1"
| #define PACKAGE_BUGREPORT "pm-tools@bsc.es"
| #define PACKAGE_URL ""
| #define NANOX_CONFIGURE_ARGS "./configure --prefix=/home/ryan/mercurium/"
| #define PACKAGE "nanox"
| #define VERSION "0.14.1"
| #define NANOX_BUILD_VERSION "git HEAD 972fdad 2018-04-06 09:43:24 +0200 developer version"
| #define STDC_HEADERS 1
| #define HAVE_SYS_TYPES_H 1
| #define HAVE_SYS_STAT_H 1
| #define HAVE_STDLIB_H 1
| #define HAVE_STRING_H 1
| #define HAVE_MEMORY_H 1
| #define HAVE_STRINGS_H 1
| #define HAVE_INTTYPES_H 1
| #define HAVE_STDINT_H 1
| #define HAVE_UNISTD_H 1
| #define HAVE_DLFCN_H 1
| #define LT_OBJDIR ".libs/"
| #define HAVE_SYNC_BOOL_COMPARE_AND_SWAP_8 1
| #define HAVE_SYNC_ADD_AND_FETCH_8 1
| #define HAVE_SYNC_SUB_AND_FETCH_8 1
| #define HAVE_SYNC_OR_AND_FETCH_8 1
| #define HAVE_SYNC_AND_AND_FETCH_8 1
| #define HAVE_SYNC_XOR_AND_FETCH_8 1
| #define STDC_HEADERS 1
| #define SIZEOF_SIZE_T 8
| #define SMP_SUPPORTS_ULT /**/
| #define HAVE_PTHREAD_PRIO_INHERIT 1
| #define HAVE_PTHREAD 1
| #define NANOS_CUDA_VERSION 
| #define GPU_DEV /**/
| #define HAVE_SQLITE3_H 1
| /* end confdefs.h.  */
| 
| /* Override any GCC internal prototype to avoid an error.
|    Use char because int might match the return type of a GCC
|    builtin and then its argument prototype would still apply.  */
| #ifdef __cplusplus
| extern "C"
| #endif
| char mkl_blas_dgemm ();
| int
| main ()
| {
| return mkl_blas_dgemm ();
|   ;
|   return 0;
| }
configure:23966: result: no
configure:24050: checking if performance version is enabled
configure:24060: result: yes
configure:24113: checking if debug version is enabled
configure:24123: result: yes
configure:24176: checking if instrumentation version is enabled
configure:24186: result: yes
configure:24239: checking if instrumentation-debug version is enabled
configure:24249: result: no
configure:24305: checking if Nanos++ Allocator has been enabled
configure:24314: result: no
configure:24325: checking if Nanos++ Memtracker has been enabled
configure:24334: result: no
configure:24352: checking if task resiliency is enabled
configure:24361: result: no
configure:24555: checking that generated files are newer than configure
configure:24561: result: done
configure:24692: creating ./config.status

## ---------------------- ##
## Running config.status. ##
## ---------------------- ##

This file was extended by nanox config.status 0.14.1, which was
generated by GNU Autoconf 2.69.  Invocation command line was

  CONFIG_FILES    = 
  CONFIG_HEADERS  = 
  CONFIG_LINKS    = 
  CONFIG_COMMANDS = 
  $ ./config.status 

on roma0.m.gsic.titech.ac.jp

config.status:1359: creating Makefile
config.status:1359: creating doc/Makefile
config.status:1359: creating doc/doxy-nanox
config.status:1359: creating scripts/Makefile
config.status:1359: creating src/Makefile
config.status:1359: creating src/core/Makefile
config.status:1359: creating src/support/Makefile
config.status:1359: creating src/apis/Makefile
config.status:1359: creating src/pms/Makefile
config.status:1359: creating src/plugins/Makefile
config.status:1359: creating src/arch/Makefile
config.status:1359: creating src/arch/unix-os/Makefile
config.status:1359: creating src/arch/smp/Makefile
config.status:1359: creating src/arch/cluster/Makefile
config.status:1359: creating src/arch/fpga/Makefile
config.status:1359: creating src/arch/spu/Makefile
config.status:1359: creating src/arch/gpu/Makefile
config.status:1359: creating src/arch/opencl/Makefile
config.status:1359: creating src/arch/mpi/Makefile
config.status:1359: creating src/arch/mpi/nanox_compiler
config.status:1359: creating src/utils/Makefile
config.status:1359: creating scripts/offload_slave_launch.sh
config.status:1359: creating tests/Makefile
config.status:1359: creating nanox-config.h
config.status:1359: creating tests/gens/api-generator
config.status:1359: creating tests/gens/api-omp-generator
config.status:1359: creating tests/gens/core-generator
config.status:1359: creating tests/gens/mcc-openmp-generator
config.status:1359: creating tests/gens/mcc-ompss-generator
config.status:1359: creating tests/gens/opencl-generator
config.status:1359: creating tests/gens/resiliency-generator
config.status:1359: creating config.h
config.status:1588: executing depfiles commands
config.status:1588: executing libtool commands

## ---------------- ##
## Cache variables. ##
## ---------------- ##

ac_cv_build=x86_64-unknown-linux-gnu
ac_cv_c_compiler_gnu=yes
ac_cv_c_const=yes
ac_cv_cuda_version=9010
ac_cv_cxx_compiler_gnu=yes
ac_cv_env_CCASFLAGS_set=
ac_cv_env_CCASFLAGS_value=
ac_cv_env_CCAS_set=
ac_cv_env_CCAS_value=
ac_cv_env_CCC_set=
ac_cv_env_CCC_value=
ac_cv_env_CC_set=
ac_cv_env_CC_value=
ac_cv_env_CFLAGS_set=
ac_cv_env_CFLAGS_value=
ac_cv_env_CPPFLAGS_set=
ac_cv_env_CPPFLAGS_value=
ac_cv_env_CPP_set=
ac_cv_env_CPP_value=
ac_cv_env_CXXCPP_set=
ac_cv_env_CXXCPP_value=
ac_cv_env_CXXFLAGS_set=
ac_cv_env_CXXFLAGS_value=
ac_cv_env_CXX_set=
ac_cv_env_CXX_value=
ac_cv_env_LDFLAGS_set=
ac_cv_env_LDFLAGS_value=
ac_cv_env_LD_set=
ac_cv_env_LD_value=
ac_cv_env_LIBS_set=
ac_cv_env_LIBS_value=
ac_cv_env_LT_SYS_LIBRARY_PATH_set=
ac_cv_env_LT_SYS_LIBRARY_PATH_value=
ac_cv_env_MPICXX_set=
ac_cv_env_MPICXX_value=
ac_cv_env_NVCC_set=
ac_cv_env_NVCC_value=
ac_cv_env_PPUEMBED_set=
ac_cv_env_PPUEMBED_value=
ac_cv_env_SPUCC_set=
ac_cv_env_SPUCC_value=
ac_cv_env_build_alias_set=
ac_cv_env_build_alias_value=
ac_cv_env_host_alias_set=
ac_cv_env_host_alias_value=
ac_cv_env_target_alias_set=
ac_cv_env_target_alias_value=
ac_cv_have_builtins=yes
ac_cv_header_CL_opencl_h=no
ac_cv_header_OpenCL_opencl_h=no
ac_cv_header_cuda_h=yes
ac_cv_header_dlfcn_h=yes
ac_cv_header_inttypes_h=yes
ac_cv_header_memory_h=yes
ac_cv_header_sqlite3_h=yes
ac_cv_header_stdc=yes
ac_cv_header_stdint_h=yes
ac_cv_header_stdlib_h=yes
ac_cv_header_string_h=yes
ac_cv_header_strings_h=yes
ac_cv_header_sys_stat_h=yes
ac_cv_header_sys_types_h=yes
ac_cv_header_unistd_h=yes
ac_cv_host=x86_64-unknown-linux-gnu
ac_cv_lib_mkl_sequential_mkl_blas_dgemm=no
ac_cv_objext=o
ac_cv_path_EGREP='/usr/bin/grep -E'
ac_cv_path_FGREP='/usr/bin/grep -F'
ac_cv_path_GREP=/usr/bin/grep
ac_cv_path_NVCC=/usr/local/cuda/bin/nvcc
ac_cv_path_SED=/usr/bin/sed
ac_cv_path_install='/usr/bin/install -c'
ac_cv_path_lt_DD=/usr/bin/dd
ac_cv_path_mkdir=/usr/bin/mkdir
ac_cv_prog_AWK=gawk
ac_cv_prog_CPP='gcc -E'
ac_cv_prog_CXXCPP='g++ -E'
ac_cv_prog_DEB_RELEASE=Core
ac_cv_prog_ac_ct_AR=ar
ac_cv_prog_ac_ct_CC=gcc
ac_cv_prog_ac_ct_CXX=g++
ac_cv_prog_ac_ct_OBJDUMP=objdump
ac_cv_prog_ac_ct_RANLIB=ranlib
ac_cv_prog_ac_ct_STRIP=strip
ac_cv_prog_cc_c89=
ac_cv_prog_cc_g=yes
ac_cv_prog_cxx_g=yes
ac_cv_prog_make_make_set=yes
ac_cv_search_cublasDrotmg=-lcublas
ac_cv_search_cudaMemcpy=-lcudart
ac_cv_search_cusparseDcsrmm=-lcusparse
ac_cv_search_sqlite3_libversion_number=-lsqlite3
ac_cv_sizeof_size_t=8
ac_cv_target=x86_64-unknown-linux-gnu
am_cv_CCAS_dependencies_compiler_type=gcc3
am_cv_CC_dependencies_compiler_type=gcc3
am_cv_CXX_dependencies_compiler_type=gcc3
am_cv_ar_interface=ar
am_cv_make_support_nested_variables=yes
am_cv_prog_cc_c_o=yes
ax_cv_PTHREAD_PRIO_INHERIT=yes
ax_cv_c_compiler_vendor=gnu
ax_cv_cxx_compiler_vendor=gnu
ax_cv_gcc_version=4.8.5
lt_cv_ar_at_file=@
lt_cv_archive_cmds_need_lc=no
lt_cv_deplibs_check_method=pass_all
lt_cv_file_magic_cmd='$MAGIC_CMD'
lt_cv_file_magic_test_file=
lt_cv_ld_reload_flag=-r
lt_cv_nm_interface='BSD nm'
lt_cv_objdir=.libs
lt_cv_path_LD=/usr/bin/ld
lt_cv_path_LDCXX='/usr/bin/ld -m elf_x86_64'
lt_cv_path_NM='/usr/bin/nm -B'
lt_cv_path_mainfest_tool=no
lt_cv_prog_compiler_c_o=yes
lt_cv_prog_compiler_c_o_CXX=yes
lt_cv_prog_compiler_pic='-fPIC -DPIC'
lt_cv_prog_compiler_pic_CXX='-fPIC -DPIC'
lt_cv_prog_compiler_pic_works=yes
lt_cv_prog_compiler_pic_works_CXX=yes
lt_cv_prog_compiler_rtti_exceptions=no
lt_cv_prog_compiler_static_works=no
lt_cv_prog_compiler_static_works_CXX=no
lt_cv_prog_gnu_ld=yes
lt_cv_prog_gnu_ldcxx=yes
lt_cv_sharedlib_from_linklib_cmd='printf %s\n'
lt_cv_shlibpath_overrides_runpath=no
lt_cv_sys_global_symbol_pipe='sed -n -e '\''s/^.*[	 ]\([ABCDGIRSTW][ABCDGIRSTW]*\)[	 ][	 ]*\([_A-Za-z][_A-Za-z0-9]*\)$/\1 \2 \2/p'\'' | sed '\''/ __gnu_lto/d'\'''
lt_cv_sys_global_symbol_to_c_name_address='sed -n -e '\''s/^: \(.*\) .*$/  {"\1", (void *) 0},/p'\'' -e '\''s/^[ABCDGIRSTW][ABCDGIRSTW]* .* \(.*\)$/  {"\1", (void *) \&\1},/p'\'''
lt_cv_sys_global_symbol_to_c_name_address_lib_prefix='sed -n -e '\''s/^: \(.*\) .*$/  {"\1", (void *) 0},/p'\'' -e '\''s/^[ABCDGIRSTW][ABCDGIRSTW]* .* \(lib.*\)$/  {"\1", (void *) \&\1},/p'\'' -e '\''s/^[ABCDGIRSTW][ABCDGIRSTW]* .* \(.*\)$/  {"lib\1", (void *) \&\1},/p'\'''
lt_cv_sys_global_symbol_to_cdecl='sed -n -e '\''s/^T .* \(.*\)$/extern int \1();/p'\'' -e '\''s/^[ABCDGIRSTW][ABCDGIRSTW]* .* \(.*\)$/extern char \1;/p'\'''
lt_cv_sys_global_symbol_to_import=
lt_cv_sys_max_cmd_len=1572864
lt_cv_to_host_file_cmd=func_convert_file_noop
lt_cv_to_tool_file_cmd=func_convert_file_noop
lt_cv_truncate_bin='/usr/bin/dd bs=4096 count=1'

## ----------------- ##
## Output variables. ##
## ----------------- ##

ACLOCAL='${SHELL} /home/ryan/ompss-17.12.1/nanox-0.14.1/missing aclocal-1.15'
AMDEPBACKSLASH='\'
AMDEP_FALSE='#'
AMDEP_TRUE=''
AMTAR='$${TAR-tar}'
AM_BACKSLASH='\'
AM_DEFAULT_V='$(AM_DEFAULT_VERBOSITY)'
AM_DEFAULT_VERBOSITY='0'
AM_V='$(V)'
AR='ar'
ARCHITECTURES=' smp gpu'
AUTOCONF='${SHELL} /home/ryan/ompss-17.12.1/nanox-0.14.1/missing autoconf'
AUTOHEADER='${SHELL} /home/ryan/ompss-17.12.1/nanox-0.14.1/missing autoheader'
AUTOMAKE='${SHELL} /home/ryan/ompss-17.12.1/nanox-0.14.1/missing automake-1.15'
AWK='gawk'
AYUDAME_BIN=''
AYUDAME_HOME=''
AYUDAME_INC=''
AYUDAME_LIB=''
CC='gcc'
CCAS='gcc'
CCASDEPMODE='depmode=gcc3'
CCASFLAGS=''
CCDEPMODE='depmode=gcc3'
CELLSDK_INC=''
CELLSDK_LIB=''
CFLAGS=''
CHAPEL_HOME=''
CHAPEL_SUPPORT_FALSE=''
CHAPEL_SUPPORT_TRUE='#'
CPP='gcc -E'
CPPFLAGS=''
CXX='g++'
CXXCPP='g++ -E'
CXXDEPMODE='depmode=gcc3'
CXXFLAGS=''
CYGPATH_W='echo'
DEB_RELEASE='Core'
DEFS='-DHAVE_CONFIG_H'
DEPDIR='.deps'
DLLTOOL='false'
DSYMUTIL=''
DUMPBIN=''
ECHO_C=''
ECHO_N='-n'
ECHO_T=''
EGREP='/usr/bin/grep -E'
EXEEXT=''
FGREP='/usr/bin/grep -F'
GIT=''
GPU_SUPPORT_FALSE='#'
GPU_SUPPORT_TRUE=''
GREP='/usr/bin/grep'
HAVE_CUDA='GPU_DEV'
HAVE_DLB='NO_DLB'
HAVE_GASNET='NO_CLUSTER_DEV'
HAVE_HWLOC='NO_HWLOC'
HAVE_NEW_GCC_ATOMIC_OPS='NO_HAVE_NEW_GCC_ATOMIC_OPS'
HAVE_OPENCL='NO_OpenCL_DEV'
HAVE_XDMA='NO_FPGA_DEV'
HWLOC_FALSE=''
HWLOC_TRUE='#'
INSTALL_DATA='${INSTALL} -m 644'
INSTALL_PROGRAM='${INSTALL}'
INSTALL_SCRIPT='${INSTALL}'
INSTALL_STRIP_PROGRAM='$(install_sh) -c -s'
LD='/usr/bin/ld -m elf_x86_64'
LDFLAGS=''
LIBOBJS=''
LIBS=''
LIBTOOL='$(SHELL) $(top_builddir)/libtool'
LIPO=''
LN_S='ln -s'
LTLIBOBJS=''
LT_SYS_LIBRARY_PATH=''
MAKEINFO='${SHELL} /home/ryan/ompss-17.12.1/nanox-0.14.1/missing makeinfo'
MANIFEST_TOOL=':'
MCC=''
MCXX=''
MEMKIND_SUPPORT_FALSE=''
MEMKIND_SUPPORT_TRUE='#'
MKDIR_P='/usr/bin/mkdir -p'
MKL_LIBS=''
MKL_SUPPORT_FALSE=''
MKL_SUPPORT_TRUE='#'
MPICXX=''
MPITRACE_BIN=''
MPITRACE_HOME=''
MPITRACE_INC=''
MPITRACE_LIB=''
MPI_SUPPORT_FALSE=''
MPI_SUPPORT_TRUE='#'
NANOS_MEMTRACKER_ENABLED='NO_NANOS_MEMTRACKER_ENABLED'
NANOS_RESILIENCY_ENABLED='NO_NANOS_RESILIENCY_ENABLED'
NANOX_BUILD_VERSION='"git HEAD 972fdad 2018-04-06 09:43:24 +0200 developer version"'
NEXTSIM_HOME=''
NEXTSIM_INC=''
NM='/usr/bin/nm -B'
NMEDIT=''
NVCC='/usr/local/cuda/bin/nvcc'
OBJDUMP='objdump'
OBJEXT='o'
OPENCL_SUPPORT_FALSE=''
OPENCL_SUPPORT_TRUE='#'
OPTIONS=''
OS='unix-os'
OTOOL64=''
OTOOL=''
PACKAGE='nanox'
PACKAGE_BUGREPORT='pm-tools@bsc.es'
PACKAGE_NAME='nanox'
PACKAGE_STRING='nanox 0.14.1'
PACKAGE_TARNAME='nanox'
PACKAGE_URL=''
PACKAGE_VERSION='0.14.1'
PATH_SEPARATOR=':'
PLUGINS='plugins pms arch/unix-os arch/smp arch/gpu'
PPUEMBED=''
PTHREAD_CC='gcc'
PTHREAD_CFLAGS='-pthread'
PTHREAD_LIBS=''
RANLIB='ranlib'
SED='/usr/bin/sed'
SET_MAKE=''
SHELL='/bin/sh'
SMP_ARCH='x86-64'
SMP_SUPPORTS_ULT='SMP_SUPPORTS_ULT'
SMP_SUPPORTS_ULT_FALSE='#'
SMP_SUPPORTS_ULT_TRUE=''
SPUCC=''
SQLITE3_SUPPORT_FALSE='#'
SQLITE3_SUPPORT_TRUE=''
STRIP='strip'
SUPPORTED_SILENT_RULES_FALSE='#'
SUPPORTED_SILENT_RULES_TRUE=''
VERSION='0.14.1'
VERSIONS='performance debug instrumentation '
XDMA_SUPPORT_FALSE=''
XDMA_SUPPORT_TRUE='#'
ac_ct_AR='ar'
ac_ct_CC='gcc'
ac_ct_CXX='g++'
ac_ct_DUMPBIN=''
am__EXEEXT_FALSE=''
am__EXEEXT_TRUE='#'
am__fastdepCCAS_FALSE='#'
am__fastdepCCAS_TRUE=''
am__fastdepCC_FALSE='#'
am__fastdepCC_TRUE=''
am__fastdepCXX_FALSE='#'
am__fastdepCXX_TRUE=''
am__include='include'
am__isrc=''
am__leading_dot='.'
am__nodep='_no'
am__quote=''
am__tar='$${TAR-tar} chof - "$$tardir"'
am__untar='$${TAR-tar} xf -'
ax_pthread_config=''
bindir='${exec_prefix}/bin'
build='x86_64-unknown-linux-gnu'
build_alias=''
build_cpu='x86_64'
build_os='linux-gnu'
build_vendor='unknown'
cc_dep_CPPFLAGS='-include "config.h" -include "nanox-config.h"'
cc_dep_CXXFLAGS='-include "new_decl.hpp" -Wall -Wextra -Wshadow -Wmissing-declarations -Wno-unused-parameter -Wno-missing-field-initializers -Werror'
cuda='yes'
cuda_prefix='/usr/local/cuda'
cudainc='-isystem /usr/local/cuda/include'
cudalib='-L/usr/local/cuda/lib64 -Wl,-rpath,/usr/local/cuda/lib64'
cudalibs='-lcusparse -lcublas -lcudart '
datadir='${datarootdir}'
datarootdir='${prefix}/share'
debug_CPPFLAGS='-DNANOS_DEBUG_ENABLED'
debug_CXXFLAGS='-O0 -g2 -fno-inline'
debugdir='${libdir}/debug'
dlbcppflags=''
dlbldflags=''
dlblibs=''
docdir='${datarootdir}/doc/${PACKAGE_TARNAME}'
dvidir='${docdir}'
enable_resiliency='no'
exec_prefix='${prefix}'
gasnet_aries_available_FALSE=''
gasnet_aries_available_TRUE='#'
gasnet_aries_inc=''
gasnet_aries_libs=''
gasnet_ibv_available_FALSE=''
gasnet_ibv_available_TRUE='#'
gasnet_ibv_inc=''
gasnet_ibv_libs=''
gasnet_mpi_available_FALSE=''
gasnet_mpi_available_TRUE='#'
gasnet_mpi_inc=''
gasnet_mpi_libs=''
gasnet_mxm_available_FALSE=''
gasnet_mxm_available_TRUE='#'
gasnet_mxm_inc=''
gasnet_mxm_libs=''
gasnet_smp_available_FALSE=''
gasnet_smp_available_TRUE='#'
gasnet_smp_inc=''
gasnet_smp_libs=''
gasnet_udp_available_FALSE=''
gasnet_udp_available_TRUE='#'
gasnet_udp_inc=''
gasnet_udp_libs=''
gasnetlib=''
host='x86_64-unknown-linux-gnu'
host_alias=''
host_cpu='x86_64'
host_os='linux-gnu'
host_vendor='unknown'
htmldir='${docdir}'
hwloc=''
hwlocinc=''
hwloclib=''
hwloclibs=''
includedir='${prefix}/include'
infodir='${datarootdir}/info'
install_sh='${SHELL} /home/ryan/ompss-17.12.1/nanox-0.14.1/install-sh'
instrumentation_AYUDAME_FALSE=''
instrumentation_AYUDAME_TRUE='#'
instrumentation_CPPFLAGS='-DNANOS_INSTRUMENTATION_ENABLED'
instrumentation_CXXFLAGS='-O3'
instrumentation_EXTRAE_FALSE=''
instrumentation_EXTRAE_TRUE='#'
instrumentation_NEXTSIM_FALSE=''
instrumentation_NEXTSIM_TRUE='#'
instrumentation_debug_CPPFLAGS='-DNANOS_DEBUG_ENABLED -DNANOS_INSTRUMENTATION_ENABLED'
instrumentation_debug_CXXFLAGS='-O0 -g2 -fno-inline'
instrumentation_debugdir='${libdir}/instrumentation-debug'
instrumentationdir='${libdir}/instrumentation'
is_debug_enabled_FALSE='#'
is_debug_enabled_TRUE=''
is_instrumentation_debug_enabled_FALSE=''
is_instrumentation_debug_enabled_TRUE='#'
is_instrumentation_enabled_FALSE='#'
is_instrumentation_enabled_TRUE=''
is_performance_enabled_FALSE='#'
is_performance_enabled_TRUE=''
libdir='${exec_prefix}/lib'
libexecdir='${exec_prefix}/libexec'
localedir='${datarootdir}/locale'
localstatedir='${prefix}/var'
mandir='${datarootdir}/man'
mcc_valid='no'
memkindinc=''
memkindlib=''
memkindlibs=''
mkdir_p='$(MKDIR_P)'
mpiinc=''
mpilib=''
mpilibs=''
nanos_config_libs_debug=' $(abs_top_builddir)/src/arch/smp/debug/libsmp.la $(abs_top_builddir)/src/arch/gpu/debug/libgpu.la $(abs_top_builddir)/src/arch/unix-os/debug/libos.la $(abs_top_builddir)/src/support/debug/libsupport.la'
nanos_config_libs_instrumentation=' $(abs_top_builddir)/src/arch/smp/instrumentation/libsmp.la $(abs_top_builddir)/src/arch/gpu/instrumentation/libgpu.la $(abs_top_builddir)/src/arch/unix-os/instrumentation/libos.la $(abs_top_builddir)/src/support/instrumentation/libsupport.la'
nanos_config_libs_instrumentation_debug=' $(abs_top_builddir)/src/arch/smp/instrumentation-debug/libsmp.la $(abs_top_builddir)/src/arch/gpu/instrumentation-debug/libgpu.la $(abs_top_builddir)/src/arch/unix-os/instrumentation-debug/libos.la $(abs_top_builddir)/src/support/instrumentation-debug/libsupport.la'
nanos_config_libs_performance=' $(abs_top_builddir)/src/arch/smp/performance/libsmp.la $(abs_top_builddir)/src/arch/gpu/performance/libgpu.la $(abs_top_builddir)/src/arch/unix-os/performance/libos.la $(abs_top_builddir)/src/support/performance/libsupport.la'
no_inline_flag='-fno-inline'
oldincludedir='/usr/include'
opencl='no'
openclinc=''
opencllib=''
opencllibs=''
pdfdir='${docdir}'
performance_CPPFLAGS=''
performance_CXXFLAGS='-O3'
performancedir='${libdir}/performance'
prefix='/home/ryan/mercurium'
program_transform_name='s,x,x,'
psdir='${docdir}'
resiliency_flags=''
sbindir='${exec_prefix}/sbin'
sharedstatedir='${prefix}/com'
sqlite3inc=''
sqlite3lib=''
sqlite3libs='-lsqlite3 '
sysconfdir='${prefix}/etc'
target='x86_64-unknown-linux-gnu'
target_alias=''
target_cpu='x86_64'
target_os='linux-gnu'
target_vendor='unknown'
xdmainc=''
xdmalib=''
xdmalibs=''

## ----------- ##
## confdefs.h. ##
## ----------- ##

/* confdefs.h */
#define PACKAGE_NAME "nanox"
#define PACKAGE_TARNAME "nanox"
#define PACKAGE_VERSION "0.14.1"
#define PACKAGE_STRING "nanox 0.14.1"
#define PACKAGE_BUGREPORT "pm-tools@bsc.es"
#define PACKAGE_URL ""
#define NANOX_CONFIGURE_ARGS "./configure --prefix=/home/ryan/mercurium/"
#define PACKAGE "nanox"
#define VERSION "0.14.1"
#define NANOX_BUILD_VERSION "git HEAD 972fdad 2018-04-06 09:43:24 +0200 developer version"
#define STDC_HEADERS 1
#define HAVE_SYS_TYPES_H 1
#define HAVE_SYS_STAT_H 1
#define HAVE_STDLIB_H 1
#define HAVE_STRING_H 1
#define HAVE_MEMORY_H 1
#define HAVE_STRINGS_H 1
#define HAVE_INTTYPES_H 1
#define HAVE_STDINT_H 1
#define HAVE_UNISTD_H 1
#define HAVE_DLFCN_H 1
#define LT_OBJDIR ".libs/"
#define HAVE_SYNC_BOOL_COMPARE_AND_SWAP_8 1
#define HAVE_SYNC_ADD_AND_FETCH_8 1
#define HAVE_SYNC_SUB_AND_FETCH_8 1
#define HAVE_SYNC_OR_AND_FETCH_8 1
#define HAVE_SYNC_AND_AND_FETCH_8 1
#define HAVE_SYNC_XOR_AND_FETCH_8 1
#define STDC_HEADERS 1
#define SIZEOF_SIZE_T 8
#define SMP_SUPPORTS_ULT /**/
#define HAVE_PTHREAD_PRIO_INHERIT 1
#define HAVE_PTHREAD 1
#define NANOS_CUDA_VERSION 
#define GPU_DEV /**/
#define HAVE_SQLITE3_H 1

configure: exit 0
